================================================================================
FAILING INTEGRATION TESTS - ROOT CAUSE ANALYSIS
================================================================================
Project: socrates-api
Date: 2026-01-14
Total Tests: 372 (collected)
Failing: 18
Passing: 173
Success Rate: 90.6%

================================================================================
QUICK REFERENCE - ROOT CAUSES
================================================================================

1. AUTHENTICATION MISSING (6 failures)
   Tests calling protected endpoints without auth headers get 401 instead of
   expected 400/422 parameter validation errors.

   Tests: 1, 2, 3, 4, 5, 6

2. MISSING ENDPOINTS (2 failures)
   /knowledge/export endpoint doesn't exist

   Tests: 7, 8, 9

3. INCORRECT ENDPOINT PATHS (4 failures)
   Tests call /analysis/maturity but actual endpoint is /analysis/{project_id}/maturity

   Tests: 11, 12, 13, 14

4. CORS ISSUE (1 failure)
   OPTIONS request returns 400 instead of 200/404/405

   Test: 15

5. OPENAPI SCHEMA WARNINGS (1 issue)
   Duplicate Operation IDs in generated OpenAPI schema

   Test: 10

================================================================================
DETAILED BREAKDOWN BY TEST
================================================================================

[TEST 1] test_import_missing_url
  File: test_all_endpoints.py::TestGitHubEndpoints
  Endpoint: POST /github/import
  Expected: 400 or 422 (missing URL parameter)
  Actual: 401 (Unauthorized)
  Root Cause: Endpoint requires auth, test doesn't provide headers
  Fix Type: Add auth headers OR validate params before auth check

[TEST 2] test_import_knowledge_missing_text
  File: test_all_endpoints.py::TestKnowledgeEndpoints
  Endpoint: POST /knowledge/import/text
  Expected: 400 or 422 (missing text parameter)
  Actual: 401 (Unauthorized)
  Root Cause: Endpoint requires auth, test doesn't provide headers
  Fix Type: Add auth headers OR validate params before auth check

[TEST 3] test_search_knowledge_missing_query
  File: test_all_endpoints.py::TestKnowledgeEndpoints
  Endpoint: GET /knowledge/search
  Expected: 400, 422, or 200
  Actual: 401 (Unauthorized)
  Root Cause: Endpoint requires auth, test doesn't provide headers
  Fix Type: Add auth headers OR validate params before auth check

[TEST 4] test_export_knowledge
  File: test_all_endpoints.py::TestKnowledgeEndpoints
  Endpoint: GET /knowledge/export
  Expected: NOT 404 (endpoint should exist)
  Actual: 404 (Not Found)
  Root Cause: Endpoint NOT IMPLEMENTED
  Fix Type: Implement /knowledge/export endpoint

[TEST 5] test_export_knowledge_specific_format
  File: test_all_endpoints.py::TestKnowledgeEndpoints
  Endpoint: GET /knowledge/export?format=json
  Expected: NOT 404
  Actual: 404 (Not Found)
  Root Cause: Endpoint NOT IMPLEMENTED
  Fix Type: Implement /knowledge/export endpoint

[TEST 6] test_validate_missing_language
  File: test_all_endpoints.py::TestAnalysisEndpoints
  Endpoint: POST /analysis/validate
  Expected: 400 or 422 (missing language parameter)
  Actual: 401 (Unauthorized)
  Root Cause: Endpoint requires auth, test doesn't provide headers
  Fix Type: Add auth headers OR validate params before auth check

[TEST 7] test_validate_missing_code
  File: test_all_endpoints.py::TestAnalysisEndpoints
  Endpoint: POST /analysis/validate
  Expected: 400 or 422 (missing code parameter)
  Actual: 401 (Unauthorized)
  Root Cause: Endpoint requires auth, test doesn't provide headers
  Fix Type: Add auth headers OR validate params before auth check

[TEST 8] test_code_maturity_assessment
  File: test_all_endpoints.py::TestAnalysisEndpoints
  Endpoint Called: POST /analysis/maturity
  Expected: NOT 404
  Actual: 404 (Not Found)
  Root Cause: WRONG PATH - actual endpoint is /analysis/{project_id}/maturity
  Fix Type: Update test to use correct path with project_id parameter
  Actual Implementation: src/socrates_api/routers/analysis.py:119

[TEST 9] test_maturity_missing_code
  File: test_all_endpoints.py::TestAnalysisEndpoints
  Endpoint Called: POST /analysis/maturity
  Expected: 400, 422, or 200
  Actual: 404 (Not Found)
  Root Cause: WRONG PATH - actual endpoint is /analysis/{project_id}/maturity
  Fix Type: Update test to use correct path with project_id parameter

[TEST 10] test_invite_missing_email
  File: test_all_endpoints.py::TestCollaborationEndpoints
  Endpoint: POST /collaboration/invite
  Expected: 400 or 422 (missing email parameter)
  Actual: 401 (Unauthorized)
  Root Cause: Endpoint requires auth, test doesn't provide headers
  Fix Type: Add auth headers OR validate params before auth check

[TEST 11] test_openapi_schema
  File: test_all_endpoints.py::TestEndpointAvailability
  Status: PASSES but with WARNINGS
  Root Cause: Duplicate Operation IDs in OpenAPI schema generation
  Duplicate IDs:
    - get_project_stats_projects__project_id__stats_get (progress.py)
    - create_chat_session_projects__project_id__chat_sessions_post (chat_sessions.py)
    - list_chat_sessions_projects__project_id__chat_sessions_get (chat_sessions.py)
    - get_chat_session_projects__project_id__chat_sessions__session_id__get (chat_sessions.py)
  Fix Type: Rename endpoints to have unique operation IDs

[TEST 12] test_complete_registration_to_login_workflow
  File: test_e2e_workflows.py::TestAuthWorkflows
  Status: FAILED
  Root Cause: Assertion failure on registration response status code
  Dependency: Test depends on auth system working correctly

[TEST 13] test_import_search_export_knowledge_workflow
  File: test_e2e_workflows.py::TestKnowledgeBaseWorkflows
  Status: FAILED
  Root Cause: Step 5 calls /knowledge/export which returns 404
  Dependency: Depends on Test #4 and #5 (missing /knowledge/export)

[TEST 14] test_code_maturity_assessment_workflow
  File: test_e2e_workflows.py::TestCodeAnalysisWorkflows
  Endpoint Called: POST /analysis/maturity
  Status: FAILED
  Root Cause: WRONG PATH - actual endpoint is /analysis/{project_id}/maturity
  Dependency: Depends on Test #8 and #9 (incorrect path)

[TEST 15] test_github_project_import_workflow
  File: test_e2e_workflows.py::TestCompleteUserJourney
  Status: FAILED
  Root Cause: Step 3 calls /analysis/maturity which returns 404
  Dependency: Depends on Test #8, #9, #14 (incorrect path)

[TEST 16] test_knowledge_export_endpoint
  File: test_routers_comprehensive.py::TestKnowledgeRouterComprehensive
  Endpoint: GET /knowledge/export
  Expected: NOT 404
  Actual: 404 (Not Found)
  Root Cause: Endpoint NOT IMPLEMENTED
  Dependency: Depends on Test #4 and #5 (missing endpoint)

[TEST 17] test_analysis_maturity_endpoint
  File: test_routers_comprehensive.py::TestAnalysisRouterComprehensive
  Endpoint Called: POST /analysis/maturity
  Expected: 200, 400, or 401
  Actual: 404 (Not Found)
  Root Cause: WRONG PATH - actual endpoint is /analysis/{project_id}/maturity
  Dependency: Depends on Test #8, #9, #14 (incorrect path)

[TEST 18] test_cors_preflight_handled
  File: test_security_penetration.py::TestCORS
  Endpoint: OPTIONS /auth/login
  Expected: 200, 404, or 405
  Actual: 400 (Bad Request)
  Root Cause: CORS middleware or OPTIONS handler has issue with header parsing
  Headers Sent:
    - Origin: https://example.com
    - Access-Control-Request-Method: POST
  Fix Type: Debug CORS middleware configuration

================================================================================
GROUPED BY ROOT CAUSE
================================================================================

AUTHENTICATION ISSUES (6 tests):
  - test_import_missing_url [TEST 1]
  - test_import_knowledge_missing_text [TEST 2]
  - test_search_knowledge_missing_query [TEST 3]
  - test_validate_missing_language [TEST 6]
  - test_validate_missing_code [TEST 7]
  - test_invite_missing_email [TEST 10]

  Solution: Add Authorization headers to test requests OR move parameter
  validation before authentication checks in endpoint handlers

MISSING ENDPOINTS (3 tests):
  - test_export_knowledge [TEST 4]
  - test_export_knowledge_specific_format [TEST 5]
  - test_knowledge_export_endpoint [TEST 16]

  Solution: Implement GET /knowledge/export endpoint with optional format parameter

INCORRECT ENDPOINT PATHS (4 tests):
  - test_code_maturity_assessment [TEST 8]
  - test_maturity_missing_code [TEST 9]
  - test_code_maturity_assessment_workflow [TEST 14]
  - test_analysis_maturity_endpoint [TEST 17]

  Expected Path: /analysis/{project_id}/maturity
  Tested Path: /analysis/maturity
  Solution: Update tests to include project_id in path

  Actual Implementation Location: src/socrates_api/routers/analysis.py:119

CORS ISSUES (1 test):
  - test_cors_preflight_handled [TEST 18]

  Solution: Debug CORS middleware, check OPTIONS request handler

OPENAPI WARNINGS (1 test):
  - test_openapi_schema [TEST 11]

  Solution: Rename endpoints to have unique operation IDs

WORKFLOW FAILURES (3 tests):
  - test_complete_registration_to_login_workflow [TEST 12]
  - test_import_search_export_knowledge_workflow [TEST 13]
  - test_github_project_import_workflow [TEST 15]

  Root Causes: Dependencies on other failures listed above

================================================================================
IMPLEMENTATION STATUS
================================================================================

Implemented Endpoints:
  ✓ POST /github/import
  ✓ POST /knowledge/import/text
  ✓ POST /knowledge/import/url
  ✓ GET /knowledge/search
  ✓ POST /analysis/validate
  ✓ POST /analysis/{project_id}/maturity
  ✓ POST /collaboration/invite

Missing Endpoints:
  ✗ GET /knowledge/export (should support format parameter)

Incorrect Test Paths:
  ✗ POST /analysis/maturity (should be POST /analysis/{project_id}/maturity)

Configuration Issues:
  ✗ CORS middleware OPTIONS handling
  ✗ Duplicate OpenAPI Operation IDs

================================================================================
PRIORITY FIXES
================================================================================

HIGH PRIORITY (blocks features):
  1. Implement /knowledge/export endpoint
  2. Fix /analysis/maturity endpoint path in tests
  3. Fix CORS OPTIONS handling

MEDIUM PRIORITY (test cleanup):
  4. Add authentication headers to parameter validation tests
  5. Fix OpenAPI Operation ID duplicates

LOW PRIORITY (workflow tests):
  6. These will pass once above issues are fixed

================================================================================
AFFECTED FILES
================================================================================

Test Files:
  - socrates-api/tests/integration/test_all_endpoints.py
  - socrates-api/tests/integration/test_e2e_workflows.py
  - socrates-api/tests/integration/test_routers_comprehensive.py
  - socrates-api/tests/integration/test_security_penetration.py

Router Files (needs implementation/fixes):
  - socrates-api/src/socrates_api/routers/knowledge.py (missing export)
  - socrates-api/src/socrates_api/routers/analysis.py (correct path: /{project_id}/maturity)
  - socrates-api/src/socrates_api/routers/progress.py (duplicate Operation ID)
  - socrates-api/src/socrates_api/routers/chat_sessions.py (duplicate Operation IDs)

Middleware Files (needs fix):
  - socrates-api/src/socrates_api/middleware/ (CORS handling)
  - socrates-api/src/socrates_api/main.py (CORS configuration)

================================================================================
NOTES
================================================================================

1. Tests are well-structured but have issues with:
   - Authentication assumptions
   - Incorrect endpoint paths
   - Missing endpoint implementations

2. The tests are comprehensive and cover good scenarios, they just need:
   - Path corrections
   - Auth header additions where appropriate
   - Endpoint implementation

3. Most failures are discoverable design issues, not runtime bugs in the API

4. No data corruption or security vulnerabilities found - just endpoint mismatches

================================================================================
