============================= test session starts =============================
platform win32 -- Python 3.12.3, pytest-9.0.1, pluggy-1.6.0 -- C:\Users\themi\PycharmProjects\Seagull_2\.venv\Scripts\python.exe
rootdir: C:\Users\themi\PycharmProjects\Socrates\tests
configfile: pytest.ini
plugins: anyio-4.12.0, asyncio-1.3.0, cov-7.0.0
asyncio: mode=Mode.AUTO, debug=False, asyncio_default_fixture_loop_scope=None, asyncio_default_test_loop_scope=function
collecting ... collected 1153 items

tests\agents\test_agent_process_methods.py::TestSocraticCounselorAgent::test_agent_initialization PASSED [  0%]
tests\agents\test_agent_process_methods.py::TestSocraticCounselorAgent::test_process_generate_question PASSED [  0%]
tests\agents\test_agent_process_methods.py::TestSocraticCounselorAgent::test_process_analyze_response PASSED [  0%]
tests\agents\test_agent_process_methods.py::TestSocraticCounselorAgent::test_process_unknown_action PASSED [  0%]
tests\agents\test_agent_process_methods.py::TestSocraticCounselorAgent::test_process_missing_project PASSED [  0%]
tests\agents\test_agent_process_methods.py::TestCodeGeneratorAgent::test_agent_initialization PASSED [  0%]
tests\agents\test_agent_process_methods.py::TestCodeGeneratorAgent::test_process_generate_code PASSED [  0%]
tests\agents\test_agent_process_methods.py::TestCodeGeneratorAgent::test_process_generate_documentation PASSED [  0%]
tests\agents\test_agent_process_methods.py::TestCodeGeneratorAgent::test_process_missing_project PASSED [  0%]
tests\agents\test_agent_process_methods.py::TestProjectManagerAgent::test_agent_initialization PASSED [  0%]
tests\agents\test_agent_process_methods.py::TestProjectManagerAgent::test_process_create_project PASSED [  0%]
tests\agents\test_agent_process_methods.py::TestProjectManagerAgent::test_process_load_project PASSED [  1%]
tests\agents\test_agent_process_methods.py::TestProjectManagerAgent::test_process_save_project PASSED [  1%]
tests\agents\test_agent_process_methods.py::TestProjectManagerAgent::test_process_list_projects PASSED [  1%]
tests\agents\test_agent_process_methods.py::TestProjectManagerAgent::test_process_unknown_action PASSED [  1%]
tests\agents\test_agent_process_methods.py::TestContextAnalyzerAgent::test_agent_initialization PASSED [  1%]
tests\agents\test_agent_process_methods.py::TestContextAnalyzerAgent::test_process_analyze_context PASSED [  1%]
tests\agents\test_agent_process_methods.py::TestContextAnalyzerAgent::test_process_get_statistics PASSED [  1%]
tests\agents\test_agent_process_methods.py::TestContextAnalyzerAgent::test_process_unknown_action PASSED [  1%]
tests\agents\test_agent_process_methods.py::TestAgentLogging::test_agent_has_logger PASSED [  1%]
tests\agents\test_agent_process_methods.py::TestAgentLogging::test_agent_logging_works PASSED [  1%]
tests\agents\test_agent_process_methods.py::TestAgentErrorHandling::test_process_with_exception PASSED [  1%]
tests\agents\test_agent_process_methods.py::TestAgentErrorHandling::test_invalid_request_data PASSED [  1%]
tests\agents\test_agent_process_methods.py::TestAgentIntegration::test_project_creation_workflow PASSED [  2%]
tests\agents\test_agent_process_methods.py::TestAgentIntegration::test_project_analysis_workflow PASSED [  2%]
tests\agents\test_agent_process_methods.py::TestAgentIntegration::test_code_generation_workflow PASSED [  2%]
tests\agents\test_agent_process_methods.py::TestAgentRequestValidation::test_socratic_counselor_requires_project PASSED [  2%]
tests\agents\test_agent_process_methods.py::TestAgentRequestValidation::test_code_generator_requires_project PASSED [  2%]
tests\agents\test_agent_process_methods.py::TestAgentRequestValidation::test_project_manager_handles_missing_user PASSED [  2%]
tests\agents\test_agent_process_methods.py::TestAgentDataTransformation::test_project_manager_transforms_response PASSED [  2%]
tests\agents\test_agent_process_methods.py::TestAgentDataTransformation::test_context_analyzer_provides_context PASSED [  2%]
tests\agents\test_code_generator_agent.py::TestCodeGeneratorAgentInitialization::test_agent_initialization PASSED [  2%]
tests\agents\test_code_generator_agent.py::TestCodeGeneratorAgentContextBuilding::test_build_generation_context_basic PASSED [  2%]
tests\agents\test_code_generator_agent.py::TestCodeGeneratorAgentContextBuilding::test_build_generation_context_with_conversation PASSED [  2%]
tests\agents\test_code_generator_agent.py::TestCodeGeneratorAgentContextBuilding::test_build_generation_context_empty_fields PASSED [  3%]
tests\agents\test_code_generator_agent.py::TestCodeGeneratorAgentScriptGeneration::test_generate_script_success PASSED [  3%]
tests\agents\test_code_generator_agent.py::TestCodeGeneratorAgentScriptGeneration::test_generate_script_api_error PASSED [  3%]
tests\agents\test_code_generator_agent.py::TestCodeGeneratorAgentScriptGeneration::test_generate_script_preserves_context PASSED [  3%]
tests\agents\test_code_generator_agent.py::TestCodeGeneratorAgentDocumentation::test_generate_documentation_success PASSED [  3%]
tests\agents\test_code_generator_agent.py::TestCodeGeneratorAgentDocumentation::test_generate_documentation_missing_script PASSED [  3%]
tests\agents\test_code_generator_agent.py::TestCodeGeneratorAgentDocumentation::test_generate_documentation_with_complex_code PASSED [  3%]
tests\agents\test_code_generator_agent.py::TestCodeGeneratorAgentErrorHandling::test_unknown_action PASSED [  3%]
tests\agents\test_code_generator_agent.py::TestCodeGeneratorAgentErrorHandling::test_missing_action_field PASSED [  3%]
tests\agents\test_code_generator_agent.py::TestCodeGeneratorAgentErrorHandling::test_missing_project_field PASSED [  3%]
tests\agents\test_code_generator_agent.py::TestCodeGeneratorAgentLanguageSupport::test_generate_script_multiple_languages[Python-tech_stack0] PASSED [  3%]
tests\agents\test_code_generator_agent.py::TestCodeGeneratorAgentLanguageSupport::test_generate_script_multiple_languages[JavaScript-tech_stack1] PASSED [  3%]
tests\agents\test_code_generator_agent.py::TestCodeGeneratorAgentLanguageSupport::test_generate_script_multiple_languages[TypeScript-tech_stack2] PASSED [  4%]
tests\agents\test_code_generator_agent.py::TestCodeGeneratorAgentLanguageSupport::test_generate_script_multiple_languages[Go-tech_stack3] PASSED [  4%]
tests\agents\test_code_generator_agent.py::TestCodeGeneratorAgentLanguageSupport::test_generate_script_multiple_languages[Rust-tech_stack4] PASSED [  4%]
tests\agents\test_code_generator_agent.py::TestCodeGeneratorAgentLogging::test_generates_log_message PASSED [  4%]
tests\agents\test_code_generator_agent.py::TestCodeGeneratorAgentIntegration::test_full_generation_workflow PASSED [  4%]
tests\agents\test_code_generator_agent.py::TestCodeGeneratorAgentIntegration::test_context_rich_generation PASSED [  4%]
tests\agents\test_code_generator_agent.py::TestCodeGeneratorAgentIntegration::test_generation_with_error_recovery PASSED [  4%]
tests\agents\test_project_manager_agent.py::TestProjectManagerAgentCreation::test_agent_initialization PASSED [  4%]
tests\agents\test_project_manager_agent.py::TestProjectManagerAgentCreation::test_create_project_success PASSED [  4%]
tests\agents\test_project_manager_agent.py::TestProjectManagerAgentCreation::test_create_project_with_invalid_data PASSED [  4%]
tests\agents\test_project_manager_agent.py::TestProjectManagerAgentProjectOperations::test_load_project_success PASSED [  4%]
tests\agents\test_project_manager_agent.py::TestProjectManagerAgentProjectOperations::test_load_project_not_found PASSED [  5%]
tests\agents\test_project_manager_agent.py::TestProjectManagerAgentProjectOperations::test_save_project_updates_timestamp PASSED [  5%]
tests\agents\test_project_manager_agent.py::TestProjectManagerAgentCollaborators::test_add_collaborator_success PASSED [  5%]
tests\agents\test_project_manager_agent.py::TestProjectManagerAgentCollaborators::test_add_duplicate_collaborator PASSED [  5%]
tests\agents\test_project_manager_agent.py::TestProjectManagerAgentCollaborators::test_list_collaborators PASSED [  5%]
tests\agents\test_project_manager_agent.py::TestProjectManagerAgentCollaborators::test_remove_collaborator_success PASSED [  5%]
tests\agents\test_project_manager_agent.py::TestProjectManagerAgentCollaborators::test_remove_collaborator_not_owner PASSED [  5%]
tests\agents\test_project_manager_agent.py::TestProjectManagerAgentCollaborators::test_remove_owner_fails PASSED [  5%]
tests\agents\test_project_manager_agent.py::TestProjectManagerAgentProjectListing::test_list_projects_for_user PASSED [  5%]
tests\agents\test_project_manager_agent.py::TestProjectManagerAgentArchiving::test_archive_project_success PASSED [  5%]
tests\agents\test_project_manager_agent.py::TestProjectManagerAgentArchiving::test_archive_project_not_owner PASSED [  5%]
tests\agents\test_project_manager_agent.py::TestProjectManagerAgentArchiving::test_archive_nonexistent_project PASSED [  5%]
tests\agents\test_project_manager_agent.py::TestProjectManagerAgentArchiving::test_restore_project_success PASSED [  6%]
tests\agents\test_project_manager_agent.py::TestProjectManagerAgentDeletion::test_delete_project_requires_confirmation PASSED [  6%]
tests\agents\test_project_manager_agent.py::TestProjectManagerAgentDeletion::test_delete_project_success_with_confirmation PASSED [  6%]
tests\agents\test_project_manager_agent.py::TestProjectManagerAgentDeletion::test_delete_project_not_owner PASSED [  6%]
tests\agents\test_project_manager_agent.py::TestProjectManagerAgentErrorHandling::test_unknown_action PASSED [  6%]
tests\agents\test_project_manager_agent.py::TestProjectManagerAgentErrorHandling::test_missing_action PASSED [  6%]
tests\agents\test_project_manager_agent.py::TestProjectManagerAgentErrorHandling::test_get_archived_projects PASSED [  6%]
tests\agents\test_project_manager_agent.py::TestProjectManagerAgentIntegration::test_full_project_lifecycle PASSED [  6%]
tests\agents\test_project_manager_agent.py::TestProjectManagerAgentIntegration::test_collaboration_workflow PASSED [  6%]
tests\agents\test_remaining_agents.py::TestSocraticCounselorAgent::test_agent_initialization PASSED [  6%]
tests\agents\test_remaining_agents.py::TestSocraticCounselorAgent::test_start_dialogue_with_topic PASSED [  6%]
tests\agents\test_remaining_agents.py::TestContextAnalyzerAgent::test_agent_initialization PASSED [  7%]
tests\agents\test_remaining_agents.py::TestContextAnalyzerAgent::test_extract_context_from_conversation PASSED [  7%]
tests\agents\test_remaining_agents.py::TestDocumentProcessorAgent::test_agent_initialization PASSED [  7%]
tests\agents\test_remaining_agents.py::TestDocumentProcessorAgent::test_extract_text_from_document PASSED [  7%]
tests\agents\test_remaining_agents.py::TestConflictDetectorAgent::test_agent_initialization PASSED [  7%]
tests\agents\test_remaining_agents.py::TestConflictDetectorAgent::test_detect_note_conflict PASSED [  7%]
tests\agents\test_remaining_agents.py::TestSystemMonitorAgent::test_agent_initialization PASSED [  7%]
tests\agents\test_remaining_agents.py::TestSystemMonitorAgent::test_perform_health_check PASSED [  7%]
tests\agents\test_remaining_agents.py::TestUserManagerAgent::test_agent_initialization PASSED [  7%]
tests\agents\test_remaining_agents.py::TestUserManagerAgent::test_create_user PASSED [  7%]
tests\agents\test_remaining_agents.py::TestUserManagerAgent::test_authenticate_user PASSED [  7%]
tests\agents\test_remaining_agents.py::TestNoteManagerAgent::test_agent_initialization PASSED [  7%]
tests\agents\test_remaining_agents.py::TestNoteManagerAgent::test_create_note PASSED [  8%]
tests\agents\test_remaining_agents.py::TestNoteManagerAgent::test_get_note PASSED [  8%]
tests\agents\test_remaining_agents.py::TestNoteManagerAgent::test_list_project_notes PASSED [  8%]
tests\agents\test_remaining_agents.py::TestAgentCrossCollaboration::test_counselor_analyzer_collaboration PASSED [  8%]
tests\agents\test_remaining_agents.py::TestAgentCrossCollaboration::test_project_manager_note_manager_collaboration PASSED [  8%]
tests\agents\test_remaining_agents.py::TestAgentCrossCollaboration::test_conflict_detector_with_project_manager PASSED [  8%]
tests\agents\test_remaining_agents.py::TestAgentErrorHandling::test_missing_action_field_all_agents PASSED [  8%]
tests\agents\test_remaining_agents.py::TestAgentErrorHandling::test_agent_initialization_all[SocraticCounselorAgent-SocraticCounselor-socratic_counselor] PASSED [  8%]
tests\agents\test_remaining_agents.py::TestAgentErrorHandling::test_agent_initialization_all[ContextAnalyzerAgent-ContextAnalyzer-context_analyzer] PASSED [  8%]
tests\agents\test_remaining_agents.py::TestAgentErrorHandling::test_agent_initialization_all[DocumentProcessorAgent-DocumentProcessor-document_processor] PASSED [  8%]
tests\agents\test_remaining_agents.py::TestAgentErrorHandling::test_agent_initialization_all[ConflictDetectorAgent-ConflictDetector-conflict_detector] PASSED [  8%]
tests\agents\test_remaining_agents.py::TestAgentErrorHandling::test_agent_initialization_all[SystemMonitorAgent-SystemMonitor-system_monitor] PASSED [  9%]
tests\agents\test_remaining_agents.py::TestAgentErrorHandling::test_agent_initialization_all[UserManagerAgent-UserManager-user_manager] PASSED [  9%]
tests\agents\test_remaining_agents.py::TestAgentErrorHandling::test_agent_initialization_all[NoteManagerAgent-NoteManager-note_manager] PASSED [  9%]
tests\async\test_async_agents.py::TestAsyncClaude::test_generate_socratic_question_async PASSED [  9%]
tests\async\test_async_agents.py::TestAsyncClaude::test_generate_socratic_question_async ERROR [  9%]
tests\async\test_async_agents.py::TestAsyncClaude::test_detect_conflicts_async FAILED [  9%]
tests\async\test_async_agents.py::TestAsyncClaude::test_detect_conflicts_async ERROR [  9%]
tests\async\test_async_agents.py::TestAsyncClaude::test_analyze_context_async PASSED [  9%]
tests\async\test_async_agents.py::TestAsyncClaude::test_analyze_context_async ERROR [  9%]
tests\async\test_async_agents.py::TestAsyncClaude::test_generate_code_async PASSED [  9%]
tests\async\test_async_agents.py::TestAsyncClaude::test_generate_code_async ERROR [  9%]
tests\async\test_async_agents.py::TestAsyncDatabase::test_async_project_load_and_save FAILED [  9%]
tests\async\test_async_agents.py::TestAsyncDatabase::test_async_project_load_and_save ERROR [  9%]
tests\async\test_async_agents.py::TestAsyncDatabase::test_async_get_user_projects FAILED [  9%]
tests\async\test_async_agents.py::TestAsyncDatabase::test_async_get_user_projects ERROR [  9%]
tests\async\test_async_agents.py::TestAsyncOrchestrator::test_orchestrator_async_request_processing FAILED [  9%]
tests\async\test_async_agents.py::TestAsyncOrchestrator::test_orchestrator_async_request_processing ERROR [  9%]
tests\async\test_async_agents.py::TestAsyncOrchestrator::test_concurrent_async_requests FAILED [  9%]
tests\async\test_async_agents.py::TestAsyncOrchestrator::test_concurrent_async_requests ERROR [  9%]
tests\async\test_async_agents.py::TestAsyncEventEmitter::test_async_event_emission PASSED [  9%]
tests\async\test_async_agents.py::TestAsyncEventEmitter::test_async_event_emission ERROR [  9%]
tests\async\test_async_agents.py::TestAsyncEventEmitter::test_concurrent_async_listeners PASSED [ 10%]
tests\async\test_async_agents.py::TestAsyncEventEmitter::test_concurrent_async_listeners ERROR [ 10%]
tests\async\test_async_agents.py::TestAsyncConnectionPooling::test_connection_pool_concurrent_access FAILED [ 10%]
tests\async\test_async_agents.py::TestAsyncConnectionPooling::test_connection_pool_concurrent_access ERROR [ 10%]
tests\async\test_async_agents.py::TestAsyncConnectionPooling::test_connection_pool_stress FAILED [ 10%]
tests\async\test_async_agents.py::TestAsyncConnectionPooling::test_connection_pool_stress ERROR [ 10%]
tests\async\test_async_agents.py::TestAsyncErrorHandling::test_async_database_error_handling FAILED [ 10%]
tests\async\test_async_agents.py::TestAsyncErrorHandling::test_async_database_error_handling ERROR [ 10%]
tests\async\test_async_agents.py::TestAsyncErrorHandling::test_async_claude_error_recovery PASSED [ 10%]
tests\async\test_async_agents.py::TestAsyncErrorHandling::test_async_claude_error_recovery ERROR [ 10%]
tests\async\test_async_database.py::TestAsyncConnectionPool::test_pool_initialization PASSED [ 10%]
tests\async\test_async_database.py::TestAsyncConnectionPool::test_pool_acquire_connection PASSED [ 10%]
tests\async\test_async_database.py::TestAsyncConnectionPool::test_pool_concurrent_access PASSED [ 10%]
tests\async\test_async_database.py::TestAsyncProjectDatabase::test_save_and_load_project PASSED [ 10%]
tests\async\test_async_database.py::TestAsyncProjectDatabase::test_save_and_load_user PASSED [ 10%]
tests\async\test_async_database.py::TestAsyncProjectDatabase::test_get_user_projects PASSED [ 10%]
tests\async\test_async_database.py::TestAsyncProjectDatabase::test_archive_project PASSED [ 11%]
tests\async\test_async_database.py::TestAsyncProjectDatabase::test_delete_project PASSED [ 11%]
tests\async\test_async_database.py::TestAsyncProjectDatabase::test_conversation_history PASSED [ 11%]
tests\async\test_async_database.py::TestAsyncProjectDatabase::test_bulk_save_projects PASSED [ 11%]
tests\async\test_async_database.py::TestAsyncProjectDatabase::test_project_data_integrity PASSED [ 11%]
tests\async\test_async_database.py::TestAsyncConcurrentOperations::test_concurrent_project_saves PASSED [ 11%]
tests\async\test_async_database.py::TestAsyncConcurrentOperations::test_concurrent_project_loads PASSED [ 11%]
tests\async\test_async_database.py::TestAsyncConcurrentOperations::test_mixed_concurrent_operations PASSED [ 11%]
tests\async\test_async_database.py::TestAsyncPerformance::test_async_save_performance PASSED [ 11%]
tests\async\test_async_database.py::TestAsyncPerformance::test_async_load_performance PASSED [ 11%]
tests\async\test_async_database.py::TestAsyncPerformance::test_concurrent_speedup PASSED [ 11%]
tests\caching\test_embedding_cache.py::TestEmbeddingCacheBasics::test_cache_initialization PASSED [ 11%]
tests\caching\test_embedding_cache.py::TestEmbeddingCacheBasics::test_cache_default_size PASSED [ 12%]
tests\caching\test_embedding_cache.py::TestEmbeddingCacheBasics::test_put_and_get_basic PASSED [ 12%]
tests\caching\test_embedding_cache.py::TestEmbeddingCacheBasics::test_cache_miss PASSED [ 12%]
tests\caching\test_embedding_cache.py::TestEmbeddingCacheBasics::test_multiple_embeddings PASSED [ 12%]
tests\caching\test_embedding_cache.py::TestEmbeddingCacheLRU::test_lru_eviction_when_full PASSED [ 12%]
tests\caching\test_embedding_cache.py::TestEmbeddingCacheLRU::test_lru_access_order_updates PASSED [ 12%]
tests\caching\test_embedding_cache.py::TestEmbeddingCacheLRU::test_lru_update_existing_entry PASSED [ 12%]
tests\caching\test_embedding_cache.py::TestEmbeddingCacheLRU::test_empty_cache_lru_handling PASSED [ 12%]
tests\caching\test_embedding_cache.py::TestEmbeddingCacheStats::test_stats_initial_state PASSED [ 12%]
tests\caching\test_embedding_cache.py::TestEmbeddingCacheStats::test_stats_after_hits_and_misses PASSED [ 12%]
tests\caching\test_embedding_cache.py::TestEmbeddingCacheStats::test_stats_hit_rate_percentage PASSED [ 12%]
tests\caching\test_embedding_cache.py::TestEmbeddingCacheStats::test_stats_memory_estimation PASSED [ 13%]
tests\caching\test_embedding_cache.py::TestEmbeddingCacheStats::test_reset_stats PASSED [ 13%]
tests\caching\test_embedding_cache.py::TestEmbeddingCacheClear::test_clear_removes_all_entries PASSED [ 13%]
tests\caching\test_embedding_cache.py::TestEmbeddingCacheClear::test_clear_resets_access_order PASSED [ 13%]
tests\caching\test_embedding_cache.py::TestEmbeddingCacheThreadSafety::test_concurrent_puts PASSED [ 13%]
tests\caching\test_embedding_cache.py::TestEmbeddingCacheThreadSafety::test_concurrent_gets PASSED [ 13%]
tests\caching\test_embedding_cache.py::TestEmbeddingCacheRepr::test_repr_format PASSED [ 13%]
tests\caching\test_embedding_cache.py::TestEmbeddingCacheRealWorldScenarios::test_repeated_same_query PASSED [ 13%]
tests\caching\test_embedding_cache.py::TestEmbeddingCacheRealWorldScenarios::test_cache_with_typical_workload PASSED [ 13%]
tests\caching\test_embedding_cache.py::TestEmbeddingCacheRealWorldScenarios::test_cache_size_limit_enforcement PASSED [ 13%]
tests\caching\test_search_cache.py::TestSearchCacheBasics::test_cache_initialization PASSED [ 13%]
tests\caching\test_search_cache.py::TestSearchCacheBasics::test_cache_default_ttl PASSED [ 13%]
tests\caching\test_search_cache.py::TestSearchCacheBasics::test_put_and_get_basic PASSED [ 14%]
tests\caching\test_search_cache.py::TestSearchCacheBasics::test_cache_miss PASSED [ 14%]
tests\caching\test_search_cache.py::TestSearchCacheBasics::test_different_top_k_values PASSED [ 14%]
tests\caching\test_search_cache.py::TestSearchCacheBasics::test_different_projects PASSED [ 14%]
tests\caching\test_search_cache.py::TestSearchCacheTTL::test_ttl_expiration PASSED [ 14%]
tests\caching\test_search_cache.py::TestSearchCacheTTL::test_ttl_not_expired_yet PASSED [ 14%]
tests\caching\test_search_cache.py::TestSearchCacheTTL::test_expired_entry_is_removed PASSED [ 14%]
tests\caching\test_search_cache.py::TestSearchCacheTTL::test_multiple_ttl_values PASSED [ 14%]
tests\caching\test_search_cache.py::TestSearchCacheInvalidation::test_invalidate_query_specific_top_k PASSED [ 14%]
tests\caching\test_search_cache.py::TestSearchCacheInvalidation::test_invalidate_query_all_top_k PASSED [ 14%]
tests\caching\test_search_cache.py::TestSearchCacheInvalidation::test_invalidate_project_removes_project_entries PASSED [ 14%]
tests\caching\test_search_cache.py::TestSearchCacheInvalidation::test_invalidate_nonexistent_removes_nothing PASSED [ 15%]
tests\caching\test_search_cache.py::TestSearchCacheStats::test_stats_initial_state PASSED [ 15%]
tests\caching\test_search_cache.py::TestSearchCacheStats::test_stats_hit_miss_expire_tracking PASSED [ 15%]
tests\caching\test_search_cache.py::TestSearchCacheStats::test_stats_hit_rate_calculation PASSED [ 15%]
tests\caching\test_search_cache.py::TestSearchCacheStats::test_stats_memory_estimation PASSED [ 15%]
tests\caching\test_search_cache.py::TestSearchCacheStats::test_reset_stats PASSED [ 15%]
tests\caching\test_search_cache.py::TestSearchCacheClear::test_clear_removes_all_entries PASSED [ 15%]
tests\caching\test_search_cache.py::TestSearchCacheCleanupExpired::test_cleanup_expired_removes_old_entries PASSED [ 15%]
tests\caching\test_search_cache.py::TestSearchCacheCleanupExpired::test_cleanup_keeps_valid_entries PASSED [ 15%]
tests\caching\test_search_cache.py::TestSearchCacheCleanupExpired::test_cleanup_mixed_expired_valid PASSED [ 15%]
tests\caching\test_search_cache.py::TestSearchCacheThreadSafety::test_concurrent_puts_and_gets PASSED [ 15%]
tests\caching\test_search_cache.py::TestSearchCacheKeyGeneration::test_make_key_format PASSED [ 15%]
tests\caching\test_search_cache.py::TestSearchCacheRepr::test_repr_format PASSED [ 16%]
tests\caching\test_search_cache.py::TestSearchCacheRealWorldScenarios::test_repeated_same_search PASSED [ 16%]
tests\caching\test_search_cache.py::TestSearchCacheRealWorldScenarios::test_cache_with_project_knowledge_update PASSED [ 16%]
tests\caching\test_search_cache.py::TestSearchCacheRealWorldScenarios::test_cache_with_varying_result_sizes PASSED [ 16%]
tests\caching\test_search_cache.py::TestSearchCacheRealWorldScenarios::test_realistic_concurrent_workload PASSED [ 16%]
tests\caching\test_ttl_cache.py::TestTTLCacheDecorator::test_cached_decorator_basic PASSED [ 16%]
tests\caching\test_ttl_cache.py::TestTTLCacheDecorator::test_cached_decorator_different_args PASSED [ 16%]
tests\caching\test_ttl_cache.py::TestTTLCacheDecorator::test_cached_decorator_with_kwargs PASSED [ 16%]
tests\caching\test_ttl_cache.py::TestTTLCacheTTL::test_cache_expires_after_ttl PASSED [ 16%]
tests\caching\test_ttl_cache.py::TestTTLCacheTTL::test_cache_ttl_default PASSED [ 16%]
tests\caching\test_ttl_cache.py::TestTTLCacheStats::test_cache_stats_tracking PASSED [ 16%]
tests\caching\test_ttl_cache.py::TestTTLCacheStats::test_cache_info_method PASSED [ 16%]
tests\caching\test_ttl_cache.py::TestTTLCacheClear::test_cache_clear PASSED [ 17%]
tests\caching\test_ttl_cache.py::TestTTLCacheClear::test_reset_stats PASSED [ 17%]
tests\caching\test_ttl_cache.py::TestTTLCacheUnhashableArgs::test_unhashable_args_skip_cache PASSED [ 17%]
tests\caching\test_ttl_cache.py::TestTTLCacheUnhashableArgs::test_hashable_args_are_cached PASSED [ 17%]
tests\caching\test_ttl_cache.py::TestTTLCacheDecoratorFeatures::test_preserves_function_name PASSED [ 17%]
tests\caching\test_ttl_cache.py::TestTTLCacheDecoratorFeatures::test_preserves_docstring PASSED [ 17%]
tests\caching\test_ttl_cache.py::TestTTLCacheDecoratorFeatures::test_cache_methods_attached PASSED [ 17%]
tests\caching\test_ttl_cache.py::TestTTLCacheThreadSafety::test_concurrent_access PASSED [ 17%]
tests\caching\test_ttl_cache.py::TestTTLCacheRealWorldScenarios::test_caching_expensive_computation PASSED [ 17%]
tests\caching\test_ttl_cache.py::TestTTLCacheRealWorldScenarios::test_caching_database_lookups PASSED [ 17%]
tests\caching\test_ttl_cache.py::TestTTLCacheRealWorldScenarios::test_caching_with_multiple_instances PASSED [ 17%]
tests\caching\test_ttl_cache.py::TestTTLCacheRealWorldScenarios::test_cache_hit_rate_realistic_workload PASSED [ 18%]
tests\caching\test_ttl_cache.py::TestTTLCacheIntegration::test_cache_factory_function PASSED [ 18%]
tests\caching\test_ttl_cache.py::TestTTLCacheIntegration::test_multiple_decorators PASSED [ 18%]
tests\caching\test_ttl_cache.py::TestCleanupExpired::test_cleanup_expired_method PASSED [ 18%]
tests\clients\test_claude_client.py::TestClaudeClientInitialization::test_claude_client_initialization PASSED [ 18%]
tests\clients\test_claude_client.py::TestClaudeClientInitialization::test_claude_client_requires_api_key PASSED [ 18%]
tests\clients\test_claude_client.py::TestClaudeClientExtractInsights::test_extract_insights_empty_response PASSED [ 18%]
tests\clients\test_claude_client.py::TestClaudeClientExtractInsights::test_extract_insights_non_informative_responses PASSED [ 18%]
tests\clients\test_claude_client.py::TestClaudeClientExtractInsights::test_extract_insights_with_valid_response PASSED [ 18%]
tests\clients\test_claude_client.py::TestClaudeClientExtractInsights::test_extract_insights_with_project_context PASSED [ 18%]
tests\clients\test_claude_client.py::TestClaudeClientErrorHandling::test_claude_client_handles_api_error PASSED [ 18%]
tests\clients\test_claude_client.py::TestClaudeClientErrorHandling::test_claude_client_invalid_json_response PASSED [ 18%]
tests\clients\test_claude_client.py::TestClaudeClientModelConfiguration::test_claude_client_uses_configured_model PASSED [ 19%]
tests\clients\test_claude_client.py::TestClaudeClientModelConfiguration::test_claude_client_model_can_be_changed PASSED [ 19%]
tests\clients\test_claude_client.py::TestClaudeClientLogging::test_claude_client_has_logger PASSED [ 19%]
tests\clients\test_claude_client.py::TestClaudeClientLogging::test_claude_client_logger_used PASSED [ 19%]
tests\clients\test_claude_client.py::TestClaudeClientOrchestratorIntegration::test_claude_client_stores_orchestrator_reference PASSED [ 19%]
tests\clients\test_claude_client.py::TestClaudeClientOrchestratorIntegration::test_claude_client_uses_orchestrator_config PASSED [ 19%]
tests\clients\test_claude_client.py::TestClaudeClientAsyncSupport::test_claude_client_has_async_client PASSED [ 19%]
tests\clients\test_claude_client.py::TestClaudeClientAsyncSupport::test_claude_client_has_sync_client PASSED [ 19%]
tests\clients\test_claude_client.py::TestClaudeClientIntegration::test_claude_client_full_workflow PASSED [ 19%]
tests\clients\test_claude_client.py::TestClaudeClientIntegration::test_claude_client_with_different_projects PASSED [ 19%]
tests\clients\test_claude_client_extended.py::TestClaudeClientCodeGeneration::test_generate_code_success PASSED [ 19%]
tests\clients\test_claude_client_extended.py::TestClaudeClientCodeGeneration::test_generate_code_error_handling PASSED [ 20%]
tests\clients\test_claude_client_extended.py::TestClaudeClientCodeGeneration::test_generate_code_tracks_tokens PASSED [ 20%]
tests\clients\test_claude_client_extended.py::TestClaudeClientCodeGeneration::test_generate_business_plan PASSED [ 20%]
tests\clients\test_claude_client_extended.py::TestClaudeClientCodeGeneration::test_generate_research_protocol PASSED [ 20%]
tests\clients\test_claude_client_extended.py::TestClaudeClientCodeGeneration::test_generate_creative_brief PASSED [ 20%]
tests\clients\test_claude_client_extended.py::TestClaudeClientCodeGeneration::test_generate_marketing_plan PASSED [ 20%]
tests\clients\test_claude_client_extended.py::TestClaudeClientCodeGeneration::test_generate_curriculum PASSED [ 20%]
tests\clients\test_claude_client_extended.py::TestClaudeClientCodeGeneration::test_generate_artifact_software_type PASSED [ 20%]
tests\clients\test_claude_client_extended.py::TestClaudeClientCodeGeneration::test_generate_artifact_business_type PASSED [ 20%]
tests\clients\test_claude_client_extended.py::TestClaudeClientCodeGeneration::test_generate_artifact_research_type PASSED [ 20%]
tests\clients\test_claude_client_extended.py::TestClaudeClientCodeGeneration::test_generate_artifact_unknown_type_defaults_to_code PASSED [ 20%]
tests\clients\test_claude_client_extended.py::TestClaudeClientConflictResolution::test_generate_conflict_resolution_success PASSED [ 20%]
tests\clients\test_claude_client_extended.py::TestClaudeClientConflictResolution::test_generate_conflict_resolution_error_handling PASSED [ 21%]
tests\clients\test_claude_client_extended.py::TestClaudeClientTokenTracking::test_track_token_usage PASSED [ 21%]
tests\clients\test_claude_client_extended.py::TestClaudeClientTokenTracking::test_calculate_cost_basic PASSED [ 21%]
tests\clients\test_claude_client_extended.py::TestClaudeClientTokenTracking::test_calculate_cost_zero_tokens PASSED [ 21%]
tests\clients\test_claude_client_extended.py::TestClaudeClientTokenTracking::test_calculate_cost_large_tokens PASSED [ 21%]
tests\clients\test_claude_client_extended.py::TestClaudeClientResponseParsing::test_parse_valid_json PASSED [ 21%]
tests\clients\test_claude_client_extended.py::TestClaudeClientResponseParsing::test_parse_invalid_json PASSED [ 21%]
tests\clients\test_claude_client_extended.py::TestClaudeClientResponseParsing::test_parse_json_with_whitespace PASSED [ 21%]
tests\clients\test_claude_client_extended.py::TestClaudeClientResponseParsing::test_parse_empty_json_object PASSED [ 21%]
tests\clients\test_claude_client_extended.py::TestClaudeClientResponseParsing::test_parse_json_array PASSED [ 21%]
tests\clients\test_claude_client_extended.py::TestClaudeClientResponseParsing::test_parse_malformed_json PASSED [ 21%]
tests\clients\test_claude_client_extended.py::TestClaudeClientSocraticQuestions::test_generate_socratic_question PASSED [ 22%]
tests\clients\test_claude_client_extended.py::TestClaudeClientSocraticQuestions::test_generate_socratic_question_error PASSED [ 22%]
tests\clients\test_claude_client_extended.py::TestClaudeClientGenerateSuggestions::test_generate_suggestions PASSED [ 22%]
tests\clients\test_claude_client_extended.py::TestClaudeClientGenerateSuggestions::test_generate_suggestions_error PASSED [ 22%]
tests\clients\test_claude_client_extended.py::TestClaudeClientGenerateResponse::test_generate_response PASSED [ 22%]
tests\clients\test_claude_client_extended.py::TestClaudeClientGenerateResponse::test_generate_response_with_context PASSED [ 22%]
tests\clients\test_claude_client_extended.py::TestClaudeClientGenerateResponse::test_generate_response_error PASSED [ 22%]
tests\clients\test_claude_client_extended.py::TestClaudeClientAsync::test_extract_insights_async PASSED [ 22%]
tests\clients\test_claude_client_extended.py::TestClaudeClientAsync::test_extract_insights_async_empty PASSED [ 22%]
tests\core\test_analytics_calculator.py::TestAnalyticsCategoryAnalysis::test_analyze_category_performance PASSED [ 22%]
tests\core\test_analytics_calculator.py::TestAnalyticsCategoryAnalysis::test_identify_weak_categories PASSED [ 22%]
tests\core\test_analytics_calculator.py::TestAnalyticsCategoryAnalysis::test_identify_strong_categories PASSED [ 22%]
tests\core\test_analytics_calculator.py::TestAnalyticsCategoryAnalysis::test_analyze_category_balance PASSED [ 23%]
tests\core\test_analytics_calculator.py::TestAnalyticsCategoryAnalysis::test_get_missing_categories PASSED [ 23%]
tests\core\test_analytics_calculator.py::TestAnalyticsCategoryAnalysis::test_category_analysis_with_zero_target PASSED [ 23%]
tests\core\test_analytics_calculator.py::TestAnalyticsVelocity::test_calculate_velocity PASSED [ 23%]
tests\core\test_analytics_calculator.py::TestAnalyticsVelocity::test_velocity_with_empty_history PASSED [ 23%]
tests\core\test_analytics_calculator.py::TestAnalyticsVelocity::test_velocity_with_single_point PASSED [ 23%]
tests\core\test_analytics_calculator.py::TestAnalyticsProgressionTrends::test_analyze_progression_trends PASSED [ 23%]
tests\core\test_analytics_calculator.py::TestAnalyticsProgressionTrends::test_identify_plateaus PASSED [ 23%]
tests\core\test_analytics_calculator.py::TestAnalyticsProgressionTrends::test_plateaus_with_consistent_growth PASSED [ 23%]
tests\core\test_analytics_calculator.py::TestAnalyticsRecommendations::test_generate_recommendations PASSED [ 23%]
tests\core\test_analytics_calculator.py::TestAnalyticsRecommendations::test_recommendations_for_weak_project PASSED [ 23%]
tests\core\test_analytics_calculator.py::TestAnalyticsRecommendations::test_suggest_next_questions PASSED [ 24%]
tests\core\test_analytics_calculator.py::TestAnalyticsRecommendations::test_suggest_questions_custom_count PASSED [ 24%]
tests\core\test_analytics_calculator.py::TestAnalyticsRecommendations::test_suggest_zero_questions PASSED [ 24%]
tests\core\test_analytics_calculator.py::TestAnalyticsProjectTypes::test_software_project_calculator PASSED [ 24%]
tests\core\test_analytics_calculator.py::TestAnalyticsProjectTypes::test_business_project_calculator PASSED [ 24%]
tests\core\test_analytics_calculator.py::TestAnalyticsProjectTypes::test_different_phases PASSED [ 24%]
tests\core\test_analytics_calculator.py::TestAnalyticsEdgeCases::test_empty_project PASSED [ 24%]
tests\core\test_analytics_calculator.py::TestAnalyticsEdgeCases::test_project_with_none_categories PASSED [ 24%]
tests\core\test_analytics_calculator.py::TestAnalyticsEdgeCases::test_perfect_score_categories PASSED [ 24%]
tests\core\test_analytics_calculator.py::TestAnalyticsEdgeCases::test_very_large_scores PASSED [ 24%]
tests\core\test_analytics_calculator.py::TestAnalyticsIntegration::test_full_analytics_workflow PASSED [ 24%]
tests\core\test_analytics_calculator.py::TestAnalyticsIntegration::test_sequential_recommendations PASSED [ 24%]
tests\core\test_learning_engine.py::TestQuestionEffectiveness::test_create_effectiveness_record PASSED [ 25%]
tests\core\test_learning_engine.py::TestQuestionEffectiveness::test_effectiveness_score_calculation PASSED [ 25%]
tests\core\test_learning_engine.py::TestQuestionEffectiveness::test_zero_usage_effectiveness PASSED [ 25%]
tests\core\test_learning_engine.py::TestQuestionEffectiveness::test_perfect_effectiveness PASSED [ 25%]
tests\core\test_learning_engine.py::TestBehaviorPatterns::test_create_behavior_pattern PASSED [ 25%]
tests\core\test_learning_engine.py::TestBehaviorPatterns::test_pattern_with_metadata PASSED [ 25%]
tests\core\test_learning_engine.py::TestBehaviorPatterns::test_pattern_types PASSED [ 25%]
tests\core\test_learning_engine.py::TestBehaviorPatterns::test_pattern_frequency_tracking PASSED [ 25%]
tests\core\test_learning_engine.py::TestLearningData::test_qa_event_tracking PASSED [ 25%]
tests\core\test_learning_engine.py::TestLearningData::test_event_effectiveness_scores PASSED [ 25%]
tests\core\test_learning_engine.py::TestLearningData::test_user_response_patterns PASSED [ 25%]
tests\core\test_learning_engine.py::TestLearningIntegration::test_effectiveness_tracking_workflow PASSED [ 26%]
tests\core\test_learning_engine.py::TestLearningIntegration::test_pattern_recognition_workflow PASSED [ 26%]
tests\core\test_learning_engine.py::TestLearningIntegration::test_learning_improvement_tracking PASSED [ 26%]
tests\core\test_learning_engine.py::TestLearningEdgeCases::test_effectiveness_with_large_values PASSED [ 26%]
tests\core\test_learning_engine.py::TestLearningEdgeCases::test_pattern_with_empty_metadata PASSED [ 26%]
tests\core\test_learning_engine.py::TestLearningEdgeCases::test_multiple_patterns_same_user PASSED [ 26%]
tests\database\test_db_verification.py::TestDatabaseInitialization::test_database_creation PASSED [ 26%]
tests\database\test_db_verification.py::TestDatabaseInitialization::test_all_tables_exist PASSED [ 26%]
tests\database\test_db_verification.py::TestDatabaseInitialization::test_foreign_keys_enabled PASSED [ 26%]
tests\database\test_db_verification.py::TestDatabaseInitialization::test_indexes_exist PASSED [ 26%]
tests\database\test_db_verification.py::TestUserOperations::test_save_and_load_user PASSED [ 26%]
tests\database\test_db_verification.py::TestUserOperations::test_user_not_found PASSED [ 26%]
tests\database\test_db_verification.py::TestUserOperations::test_user_exists_check PASSED [ 27%]
tests\database\test_db_verification.py::TestUserOperations::test_multiple_users PASSED [ 27%]
tests\database\test_db_verification.py::TestProjectOperations::test_save_and_load_project PASSED [ 27%]
tests\database\test_db_verification.py::TestProjectOperations::test_project_requirements_persisted PASSED [ 27%]
tests\database\test_db_verification.py::TestProjectOperations::test_project_tech_stack_persisted PASSED [ 27%]
tests\database\test_db_verification.py::TestProjectOperations::test_project_json_fields PASSED [ 27%]
tests\database\test_db_verification.py::TestProjectOperations::test_get_user_projects PASSED [ 27%]
tests\database\test_db_verification.py::TestProjectOperations::test_archive_project PASSED [ 27%]
tests\database\test_db_verification.py::TestProjectOperations::test_restore_project PASSED [ 27%]
tests\database\test_db_verification.py::TestProjectOperations::test_delete_project_cascade PASSED [ 27%]
tests\database\test_db_verification.py::TestConversationHistory::test_save_and_load_conversation PASSED [ 27%]
tests\database\test_db_verification.py::TestConversationHistory::test_conversation_metadata PASSED [ 28%]
tests\database\test_db_verification.py::TestConversationHistory::test_conversation_order PASSED [ 28%]
tests\database\test_db_verification.py::TestPhaseMaturityScores::test_phase_maturity_persistence PASSED [ 28%]
tests\database\test_db_verification.py::TestPhaseMaturityScores::test_category_scores_persistence PASSED [ 28%]
tests\database\test_db_verification.py::TestDatabaseIntegrity::test_project_update_preserves_relationships PASSED [ 28%]
tests\database\test_db_verification.py::TestDatabaseIntegrity::test_null_values_handled PASSED [ 28%]
tests\database\test_db_verification.py::TestDatabaseIntegrity::test_concurrent_user_projects_independent PASSED [ 28%]
tests\database\test_project_db_operations.py::TestProjectDatabaseInitialization::test_database_initialization PASSED [ 28%]
tests\database\test_project_db_operations.py::TestProjectDatabaseInitialization::test_database_creates_tables PASSED [ 28%]
tests\database\test_project_db_operations.py::TestProjectDatabaseProjectOperations::test_save_project PASSED [ 28%]
tests\database\test_project_db_operations.py::TestProjectDatabaseProjectOperations::test_load_project PASSED [ 28%]
tests\database\test_project_db_operations.py::TestProjectDatabaseProjectOperations::test_load_nonexistent_project PASSED [ 28%]
tests\database\test_project_db_operations.py::TestProjectDatabaseProjectOperations::test_delete_project PASSED [ 29%]
tests\database\test_project_db_operations.py::TestProjectDatabaseProjectOperations::test_delete_nonexistent_project PASSED [ 29%]
tests\database\test_project_db_operations.py::TestProjectDatabaseProjectOperations::test_list_all_projects PASSED [ 29%]
tests\database\test_project_db_operations.py::TestProjectDatabaseProjectOperations::test_project_persistence PASSED [ 29%]
tests\database\test_project_db_operations.py::TestProjectDatabaseUserOperations::test_save_user PASSED [ 29%]
tests\database\test_project_db_operations.py::TestProjectDatabaseUserOperations::test_load_user PASSED [ 29%]
tests\database\test_project_db_operations.py::TestProjectDatabaseUserOperations::test_load_nonexistent_user PASSED [ 29%]
tests\database\test_project_db_operations.py::TestProjectDatabaseUserOperations::test_delete_user PASSED [ 29%]
tests\database\test_project_db_operations.py::TestProjectDatabaseUserOperations::test_user_projects_list PASSED [ 29%]
tests\database\test_project_db_operations.py::TestProjectDatabaseNotesOperations::test_add_note PASSED [ 29%]
tests\database\test_project_db_operations.py::TestProjectDatabaseNotesOperations::test_get_project_notes PASSED [ 29%]
tests\database\test_project_db_operations.py::TestProjectDatabaseNotesOperations::test_delete_note PASSED [ 30%]
tests\database\test_project_db_operations.py::TestProjectDatabaseLearningOperations::test_record_question_effectiveness PASSED [ 30%]
tests\database\test_project_db_operations.py::TestProjectDatabaseLearningOperations::test_get_question_effectiveness PASSED [ 30%]
tests\database\test_project_db_operations.py::TestProjectDatabaseLearningOperations::test_record_behavior_pattern PASSED [ 30%]
tests\database\test_project_db_operations.py::TestProjectDatabaseLearningOperations::test_get_behavior_patterns PASSED [ 30%]
tests\database\test_project_db_operations.py::TestProjectDatabaseLLMConfiguration::test_save_llm_config PASSED [ 30%]
tests\database\test_project_db_operations.py::TestProjectDatabaseLLMConfiguration::test_get_llm_configs PASSED [ 30%]
tests\database\test_project_db_operations.py::TestProjectDatabaseLLMConfiguration::test_get_default_llm_config PASSED [ 30%]
tests\database\test_project_db_operations.py::TestProjectDatabaseUsageTracking::test_record_llm_usage PASSED [ 30%]
tests\database\test_project_db_operations.py::TestProjectDatabaseUsageTracking::test_get_user_usage_summary PASSED [ 30%]
tests\database\test_project_db_operations.py::TestProjectDatabaseUsageTracking::test_get_monthly_usage PASSED [ 30%]
tests\database\test_project_db_operations.py::TestProjectDatabaseAPIKeys::test_save_api_key PASSED [ 30%]
tests\database\test_project_db_operations.py::TestProjectDatabaseAPIKeys::test_get_api_keys PASSED [ 31%]
tests\database\test_project_db_operations.py::TestProjectDatabaseAPIKeys::test_deactivate_api_key PASSED [ 31%]
tests\database\test_project_db_operations.py::TestProjectDatabaseEdgeCases::test_save_project_with_none_fields PASSED [ 31%]
tests\database\test_project_db_operations.py::TestProjectDatabaseEdgeCases::test_concurrent_project_access PASSED [ 31%]
tests\database\test_project_db_operations.py::TestProjectDatabaseEdgeCases::test_large_project_data PASSED [ 31%]
tests\database\test_vector_db_operations.py::TestVectorEmbeddings::test_embedding_creation PASSED [ 31%]
tests\database\test_vector_db_operations.py::TestVectorEmbeddings::test_embedding_dimensions PASSED [ 31%]
tests\database\test_vector_db_operations.py::TestVectorEmbeddings::test_embedding_normalization PASSED [ 31%]
tests\database\test_vector_db_operations.py::TestVectorEmbeddings::test_similarity_computation PASSED [ 31%]
tests\database\test_vector_db_operations.py::TestVectorSearch::test_search_similar_documents PASSED [ 31%]
tests\database\test_vector_db_operations.py::TestVectorSearch::test_search_with_top_k PASSED [ 31%]
tests\database\test_vector_db_operations.py::TestVectorSearch::test_search_with_threshold PASSED [ 32%]
tests\database\test_vector_db_operations.py::TestVectorSearch::test_empty_search_results PASSED [ 32%]
tests\database\test_vector_db_operations.py::TestDocumentIndexing::test_add_document PASSED [ 32%]
tests\database\test_vector_db_operations.py::TestDocumentIndexing::test_add_multiple_documents PASSED [ 32%]
tests\database\test_vector_db_operations.py::TestDocumentIndexing::test_update_document PASSED [ 32%]
tests\database\test_vector_db_operations.py::TestDocumentIndexing::test_delete_document PASSED [ 32%]
tests\database\test_vector_db_operations.py::TestDocumentIndexing::test_document_with_metadata PASSED [ 32%]
tests\database\test_vector_db_operations.py::TestKnowledgeBaseOperations::test_index_size PASSED [ 32%]
tests\database\test_vector_db_operations.py::TestKnowledgeBaseOperations::test_clear_index PASSED [ 32%]
tests\database\test_vector_db_operations.py::TestKnowledgeBaseOperations::test_rebuild_index PASSED [ 32%]
tests\database\test_vector_db_operations.py::TestKnowledgeBaseOperations::test_export_index PASSED [ 32%]
tests\database\test_vector_db_operations.py::TestKnowledgeBaseOperations::test_import_index PASSED [ 32%]
tests\database\test_vector_db_operations.py::TestSemanticSearch::test_semantic_search_query PASSED [ 33%]
tests\database\test_vector_db_operations.py::TestSemanticSearch::test_semantic_search_with_filters PASSED [ 33%]
tests\database\test_vector_db_operations.py::TestSemanticSearch::test_semantic_search_ranking PASSED [ 33%]
tests\database\test_vector_db_operations.py::TestVectorDatabaseIntegration::test_index_and_search_workflow PASSED [ 33%]
tests\database\test_vector_db_operations.py::TestVectorDatabaseIntegration::test_update_and_search_workflow PASSED [ 33%]
tests\database\test_vector_db_operations.py::TestVectorDatabaseIntegration::test_delete_and_reindex_workflow PASSED [ 33%]
tests\database\test_vector_db_operations.py::TestVectorDatabaseEdgeCases::test_large_embedding_dimension PASSED [ 33%]
tests\database\test_vector_db_operations.py::TestVectorDatabaseEdgeCases::test_search_with_zero_results PASSED [ 33%]
tests\database\test_vector_db_operations.py::TestVectorDatabaseEdgeCases::test_search_with_single_result PASSED [ 33%]
tests\database\test_vector_db_operations.py::TestVectorDatabaseEdgeCases::test_document_with_special_characters PASSED [ 33%]
tests\database\test_vector_db_operations.py::TestVectorDatabaseEdgeCases::test_empty_document_handling PASSED [ 33%]
tests\integration\test_api_database_integration.py::TestAuthDatabaseIntegration::test_register_user_saves_to_database PASSED [ 33%]
tests\integration\test_api_database_integration.py::TestAuthDatabaseIntegration::test_login_retrieves_user_from_database PASSED [ 34%]
tests\integration\test_api_database_integration.py::TestAuthDatabaseIntegration::test_user_not_found_on_invalid_username PASSED [ 34%]
tests\integration\test_api_database_integration.py::TestProjectDatabaseIntegration::test_create_project_api_saves_to_db PASSED [ 34%]
tests\integration\test_api_database_integration.py::TestProjectDatabaseIntegration::test_list_projects_api_queries_db PASSED [ 34%]
tests\integration\test_api_database_integration.py::TestProjectDatabaseIntegration::test_update_project_api_updates_db PASSED [ 34%]
tests\integration\test_api_database_integration.py::TestProjectDatabaseIntegration::test_delete_project_api_cascades_in_db PASSED [ 34%]
tests\integration\test_api_database_integration.py::TestChatDatabaseIntegration::test_send_message_saves_to_db Exit code: 
