{"meta": {"format": 3, "version": "7.13.0", "timestamp": "2025-12-23T10:23:17.204971", "branch_coverage": false, "show_contexts": false}, "files": {"src\\socrates_api\\__init__.py": {"executed_lines": [1, 8, 9, 10, 12], "summary": {"covered_lines": 4, "num_statements": 4, "percent_covered": 100.0, "percent_covered_display": "100", "missing_lines": 0, "excluded_lines": 0, "percent_statements_covered": 100.0, "percent_statements_covered_display": "100"}, "missing_lines": [], "excluded_lines": [], "functions": {"": {"executed_lines": [1, 8, 9, 10, 12], "summary": {"covered_lines": 4, "num_statements": 4, "percent_covered": 100.0, "percent_covered_display": "100", "missing_lines": 0, "excluded_lines": 0, "percent_statements_covered": 100.0, "percent_statements_covered_display": "100"}, "missing_lines": [], "excluded_lines": []}}, "classes": {"": {"executed_lines": [1, 8, 9, 10, 12], "summary": {"covered_lines": 4, "num_statements": 4, "percent_covered": 100.0, "percent_covered_display": "100", "missing_lines": 0, "excluded_lines": 0, "percent_statements_covered": 100.0, "percent_statements_covered_display": "100"}, "missing_lines": [], "excluded_lines": []}}}, "src\\socrates_api\\auth\\__init__.py": {"executed_lines": [1, 8, 13, 19, 24], "summary": {"covered_lines": 4, "num_statements": 4, "percent_covered": 100.0, "percent_covered_display": "100", "missing_lines": 0, "excluded_lines": 0, "percent_statements_covered": 100.0, "percent_statements_covered_display": "100"}, "missing_lines": [], "excluded_lines": [], "functions": {"": {"executed_lines": [1, 8, 13, 19, 24], "summary": {"covered_lines": 4, "num_statements": 4, "percent_covered": 100.0, "percent_covered_display": "100", "missing_lines": 0, "excluded_lines": 0, "percent_statements_covered": 100.0, "percent_statements_covered_display": "100"}, "missing_lines": [], "excluded_lines": []}}, "classes": {"": {"executed_lines": [1, 8, 13, 19, 24], "summary": {"covered_lines": 4, "num_statements": 4, "percent_covered": 100.0, "percent_covered_display": "100", "missing_lines": 0, "excluded_lines": 0, "percent_statements_covered": 100.0, "percent_statements_covered_display": "100"}, "missing_lines": [], "excluded_lines": []}}}, "src\\socrates_api\\auth\\dependencies.py": {"executed_lines": [1, 8, 10, 11, 13, 16, 19, 36, 39, 40, 41, 59], "summary": {"covered_lines": 11, "num_statements": 22, "percent_covered": 50.0, "percent_covered_display": "50", "missing_lines": 11, "excluded_lines": 0, "percent_statements_covered": 50.0, "percent_statements_covered_display": "50"}, "missing_lines": [48, 49, 50, 56, 73, 74, 76, 77, 79, 80, 82], "excluded_lines": [], "functions": {"get_current_user": {"executed_lines": [36, 39, 40, 41], "summary": {"covered_lines": 4, "num_statements": 8, "percent_covered": 50.0, "percent_covered_display": "50", "missing_lines": 4, "excluded_lines": 0, "percent_statements_covered": 50.0, "percent_statements_covered_display": "50"}, "missing_lines": [48, 49, 50, 56], "excluded_lines": []}, "get_current_user_optional": {"executed_lines": [], "summary": {"covered_lines": 0, "num_statements": 7, "percent_covered": 0.0, "percent_covered_display": "0", "missing_lines": 7, "excluded_lines": 0, "percent_statements_covered": 0.0, "percent_statements_covered_display": "0"}, "missing_lines": [73, 74, 76, 77, 79, 80, 82], "excluded_lines": []}, "": {"executed_lines": [1, 8, 10, 11, 13, 16, 19, 59], "summary": {"covered_lines": 7, "num_statements": 7, "percent_covered": 100.0, "percent_covered_display": "100", "missing_lines": 0, "excluded_lines": 0, "percent_statements_covered": 100.0, "percent_statements_covered_display": "100"}, "missing_lines": [], "excluded_lines": []}}, "classes": {"": {"executed_lines": [1, 8, 10, 11, 13, 16, 19, 36, 39, 40, 41, 59], "summary": {"covered_lines": 11, "num_statements": 22, "percent_covered": 50.0, "percent_covered_display": "50", "missing_lines": 11, "excluded_lines": 0, "percent_statements_covered": 50.0, "percent_statements_covered_display": "50"}, "missing_lines": [48, 49, 50, 56, 73, 74, 76, 77, 79, 80, 82], "excluded_lines": []}}}, "src\\socrates_api\\auth\\jwt_handler.py": {"executed_lines": [1, 8, 9, 10, 12, 15, 16, 17, 18, 21, 22, 24, 25, 41, 42, 44, 46, 53, 56, 57, 59, 60, 70, 72, 79, 80, 82, 83, 98, 99, 110, 111, 119, 122, 124, 126, 127, 150, 152, 155, 157, 160, 162, 165, 167], "summary": {"covered_lines": 43, "num_statements": 54, "percent_covered": 79.62962962962963, "percent_covered_display": "80", "missing_lines": 11, "excluded_lines": 0, "percent_statements_covered": 79.62962962962963, "percent_statements_covered_display": "80"}, "missing_lines": [54, 93, 114, 115, 117, 121, 139, 141, 144, 145, 146], "excluded_lines": [], "functions": {"JWTHandler.create_access_token": {"executed_lines": [41, 42, 44, 46, 53, 56, 57], "summary": {"covered_lines": 7, "num_statements": 8, "percent_covered": 87.5, "percent_covered_display": "88", "missing_lines": 1, "excluded_lines": 0, "percent_statements_covered": 87.5, "percent_statements_covered_display": "88"}, "missing_lines": [54], "excluded_lines": []}, "JWTHandler.create_refresh_token": {"executed_lines": [70, 72, 79, 80], "summary": {"covered_lines": 4, "num_statements": 4, "percent_covered": 100.0, "percent_covered_display": "100", "missing_lines": 0, "excluded_lines": 0, "percent_statements_covered": 100.0, "percent_statements_covered_display": "100"}, "missing_lines": [], "excluded_lines": []}, "JWTHandler.create_token_pair": {"executed_lines": [], "summary": {"covered_lines": 0, "num_statements": 1, "percent_covered": 0.0, "percent_covered_display": "0", "missing_lines": 1, "excluded_lines": 0, "percent_statements_covered": 0.0, "percent_statements_covered_display": "0"}, "missing_lines": [93], "excluded_lines": []}, "JWTHandler.verify_token": {"executed_lines": [110, 111, 119, 122, 124], "summary": {"covered_lines": 5, "num_statements": 9, "percent_covered": 55.55555555555556, "percent_covered_display": "56", "missing_lines": 4, "excluded_lines": 0, "percent_statements_covered": 55.55555555555556, "percent_statements_covered_display": "56"}, "missing_lines": [114, 115, 117, 121], "excluded_lines": []}, "JWTHandler.get_subject_from_token": {"executed_lines": [], "summary": {"covered_lines": 0, "num_statements": 5, "percent_covered": 0.0, "percent_covered_display": "0", "missing_lines": 5, "excluded_lines": 0, "percent_statements_covered": 0.0, "percent_statements_covered_display": "0"}, "missing_lines": [139, 141, 144, 145, 146], "excluded_lines": []}, "create_access_token": {"executed_lines": [152], "summary": {"covered_lines": 1, "num_statements": 1, "percent_covered": 100.0, "percent_covered_display": "100", "missing_lines": 0, "excluded_lines": 0, "percent_statements_covered": 100.0, "percent_statements_covered_display": "100"}, "missing_lines": [], "excluded_lines": []}, "create_refresh_token": {"executed_lines": [157], "summary": {"covered_lines": 1, "num_statements": 1, "percent_covered": 100.0, "percent_covered_display": "100", "missing_lines": 0, "excluded_lines": 0, "percent_statements_covered": 100.0, "percent_statements_covered_display": "100"}, "missing_lines": [], "excluded_lines": []}, "verify_access_token": {"executed_lines": [162], "summary": {"covered_lines": 1, "num_statements": 1, "percent_covered": 100.0, "percent_covered_display": "100", "missing_lines": 0, "excluded_lines": 0, "percent_statements_covered": 100.0, "percent_statements_covered_display": "100"}, "missing_lines": [], "excluded_lines": []}, "verify_refresh_token": {"executed_lines": [167], "summary": {"covered_lines": 1, "num_statements": 1, "percent_covered": 100.0, "percent_covered_display": "100", "missing_lines": 0, "excluded_lines": 0, "percent_statements_covered": 100.0, "percent_statements_covered_display": "100"}, "missing_lines": [], "excluded_lines": []}, "": {"executed_lines": [1, 8, 9, 10, 12, 15, 16, 17, 18, 21, 22, 24, 25, 59, 60, 82, 83, 98, 99, 126, 127, 150, 155, 160, 165], "summary": {"covered_lines": 23, "num_statements": 23, "percent_covered": 100.0, "percent_covered_display": "100", "missing_lines": 0, "excluded_lines": 0, "percent_statements_covered": 100.0, "percent_statements_covered_display": "100"}, "missing_lines": [], "excluded_lines": []}}, "classes": {"JWTHandler": {"executed_lines": [41, 42, 44, 46, 53, 56, 57, 70, 72, 79, 80, 110, 111, 119, 122, 124], "summary": {"covered_lines": 16, "num_statements": 27, "percent_covered": 59.25925925925926, "percent_covered_display": "59", "missing_lines": 11, "excluded_lines": 0, "percent_statements_covered": 59.25925925925926, "percent_statements_covered_display": "59"}, "missing_lines": [54, 93, 114, 115, 117, 121, 139, 141, 144, 145, 146], "excluded_lines": []}, "": {"executed_lines": [1, 8, 9, 10, 12, 15, 16, 17, 18, 21, 22, 24, 25, 59, 60, 82, 83, 98, 99, 126, 127, 150, 152, 155, 157, 160, 162, 165, 167], "summary": {"covered_lines": 27, "num_statements": 27, "percent_covered": 100.0, "percent_covered_display": "100", "missing_lines": 0, "excluded_lines": 0, "percent_statements_covered": 100.0, "percent_statements_covered_display": "100"}, "missing_lines": [], "excluded_lines": []}}}, "src\\socrates_api\\auth\\password.py": {"executed_lines": [1, 8, 11, 12, 16, 18, 19, 29, 33, 34, 37, 39, 40, 51, 53, 56, 58, 62, 64, 67, 69], "summary": {"covered_lines": 19, "num_statements": 20, "percent_covered": 95.0, "percent_covered_display": "95", "missing_lines": 1, "excluded_lines": 0, "percent_statements_covered": 95.0, "percent_statements_covered_display": "95"}, "missing_lines": [30], "excluded_lines": [], "functions": {"PasswordManager.hash_password": {"executed_lines": [29, 33, 34, 37], "summary": {"covered_lines": 4, "num_statements": 5, "percent_covered": 80.0, "percent_covered_display": "80", "missing_lines": 1, "excluded_lines": 0, "percent_statements_covered": 80.0, "percent_statements_covered_display": "80"}, "missing_lines": [30], "excluded_lines": []}, "PasswordManager.verify_password": {"executed_lines": [51, 53, 56, 58], "summary": {"covered_lines": 4, "num_statements": 4, "percent_covered": 100.0, "percent_covered_display": "100", "missing_lines": 0, "excluded_lines": 0, "percent_statements_covered": 100.0, "percent_statements_covered_display": "100"}, "missing_lines": [], "excluded_lines": []}, "hash_password": {"executed_lines": [64], "summary": {"covered_lines": 1, "num_statements": 1, "percent_covered": 100.0, "percent_covered_display": "100", "missing_lines": 0, "excluded_lines": 0, "percent_statements_covered": 100.0, "percent_statements_covered_display": "100"}, "missing_lines": [], "excluded_lines": []}, "verify_password": {"executed_lines": [69], "summary": {"covered_lines": 1, "num_statements": 1, "percent_covered": 100.0, "percent_covered_display": "100", "missing_lines": 0, "excluded_lines": 0, "percent_statements_covered": 100.0, "percent_statements_covered_display": "100"}, "missing_lines": [], "excluded_lines": []}, "": {"executed_lines": [1, 8, 11, 12, 16, 18, 19, 39, 40, 62, 67], "summary": {"covered_lines": 9, "num_statements": 9, "percent_covered": 100.0, "percent_covered_display": "100", "missing_lines": 0, "excluded_lines": 0, "percent_statements_covered": 100.0, "percent_statements_covered_display": "100"}, "missing_lines": [], "excluded_lines": []}}, "classes": {"PasswordManager": {"executed_lines": [29, 33, 34, 37, 51, 53, 56, 58], "summary": {"covered_lines": 8, "num_statements": 9, "percent_covered": 88.88888888888889, "percent_covered_display": "89", "missing_lines": 1, "excluded_lines": 0, "percent_statements_covered": 88.88888888888889, "percent_statements_covered_display": "89"}, "missing_lines": [30], "excluded_lines": []}, "": {"executed_lines": [1, 8, 11, 12, 16, 18, 19, 39, 40, 62, 64, 67, 69], "summary": {"covered_lines": 11, "num_statements": 11, "percent_covered": 100.0, "percent_covered_display": "100", "missing_lines": 0, "excluded_lines": 0, "percent_statements_covered": 100.0, "percent_statements_covered_display": "100"}, "missing_lines": [], "excluded_lines": []}}}, "src\\socrates_api\\main.py": {"executed_lines": [1, 7, 8, 9, 10, 11, 13, 14, 15, 16, 18, 20, 33, 47, 50, 53, 56, 63, 92, 101, 110, 111, 112, 113, 114, 115, 116, 117, 118, 119, 122, 123, 128, 129, 134, 135, 137, 140, 141, 187, 188, 197, 198, 242, 243, 279, 280, 321, 322, 363, 364, 416, 417, 430, 431, 444, 455], "summary": {"covered_lines": 56, "num_statements": 163, "percent_covered": 34.355828220858896, "percent_covered_display": "34", "missing_lines": 107, "excluded_lines": 0, "percent_statements_covered": 34.355828220858896, "percent_statements_covered_display": "34"}, "missing_lines": [58, 59, 60, 65, 66, 69, 70, 73, 74, 76, 77, 79, 80, 83, 84, 85, 87, 88, 125, 131, 148, 149, 150, 152, 153, 156, 157, 158, 159, 161, 164, 167, 170, 173, 174, 176, 178, 182, 183, 184, 190, 192, 207, 209, 210, 220, 221, 222, 233, 237, 238, 239, 250, 252, 253, 257, 258, 272, 274, 275, 276, 289, 291, 292, 302, 303, 310, 314, 315, 316, 317, 318, 331, 333, 334, 344, 345, 352, 356, 357, 358, 359, 360, 373, 375, 377, 381, 382, 384, 387, 397, 398, 405, 409, 410, 411, 412, 413, 419, 433, 434, 446, 447, 448, 450, 452, 456], "excluded_lines": [], "functions": {"get_orchestrator": {"executed_lines": [], "summary": {"covered_lines": 0, "num_statements": 3, "percent_covered": 0.0, "percent_covered_display": "0", "missing_lines": 3, "excluded_lines": 0, "percent_statements_covered": 0.0, "percent_statements_covered_display": "0"}, "missing_lines": [58, 59, 60], "excluded_lines": []}, "_setup_event_listeners": {"executed_lines": [], "summary": {"covered_lines": 0, "num_statements": 11, "percent_covered": 0.0, "percent_covered_display": "0", "missing_lines": 11, "excluded_lines": 0, "percent_statements_covered": 0.0, "percent_statements_covered_display": "0"}, "missing_lines": [65, 66, 69, 73, 76, 79, 83, 84, 85, 87, 88], "excluded_lines": []}, "_setup_event_listeners.on_any_event": {"executed_lines": [], "summary": {"covered_lines": 0, "num_statements": 1, "percent_covered": 0.0, "percent_covered_display": "0", "missing_lines": 1, "excluded_lines": 0, "percent_statements_covered": 0.0, "percent_statements_covered_display": "0"}, "missing_lines": [70], "excluded_lines": []}, "_setup_event_listeners.on_project_created": {"executed_lines": [], "summary": {"covered_lines": 0, "num_statements": 1, "percent_covered": 0.0, "percent_covered_display": "0", "missing_lines": 1, "excluded_lines": 0, "percent_statements_covered": 0.0, "percent_statements_covered_display": "0"}, "missing_lines": [74], "excluded_lines": []}, "_setup_event_listeners.on_code_generated": {"executed_lines": [], "summary": {"covered_lines": 0, "num_statements": 1, "percent_covered": 0.0, "percent_covered_display": "0", "missing_lines": 1, "excluded_lines": 0, "percent_statements_covered": 0.0, "percent_statements_covered_display": "0"}, "missing_lines": [77], "excluded_lines": []}, "_setup_event_listeners.on_agent_error": {"executed_lines": [], "summary": {"covered_lines": 0, "num_statements": 1, "percent_covered": 0.0, "percent_covered_display": "0", "missing_lines": 1, "excluded_lines": 0, "percent_statements_covered": 0.0, "percent_statements_covered_display": "0"}, "missing_lines": [80], "excluded_lines": []}, "startup_event": {"executed_lines": [], "summary": {"covered_lines": 0, "num_statements": 1, "percent_covered": 0.0, "percent_covered_display": "0", "missing_lines": 1, "excluded_lines": 0, "percent_statements_covered": 0.0, "percent_statements_covered_display": "0"}, "missing_lines": [125], "excluded_lines": []}, "shutdown_event": {"executed_lines": [], "summary": {"covered_lines": 0, "num_statements": 1, "percent_covered": 0.0, "percent_covered_display": "0", "missing_lines": 1, "excluded_lines": 0, "percent_statements_covered": 0.0, "percent_statements_covered_display": "0"}, "missing_lines": [131], "excluded_lines": []}, "health_check": {"executed_lines": [137], "summary": {"covered_lines": 1, "num_statements": 1, "percent_covered": 100.0, "percent_covered_display": "100", "missing_lines": 0, "excluded_lines": 0, "percent_statements_covered": 100.0, "percent_statements_covered_display": "100"}, "missing_lines": [], "excluded_lines": []}, "initialize": {"executed_lines": [], "summary": {"covered_lines": 0, "num_statements": 20, "percent_covered": 0.0, "percent_covered_display": "0", "missing_lines": 20, "excluded_lines": 0, "percent_statements_covered": 0.0, "percent_statements_covered_display": "0"}, "missing_lines": [148, 149, 150, 152, 153, 156, 157, 158, 159, 161, 164, 167, 170, 173, 174, 176, 178, 182, 183, 184], "excluded_lines": []}, "get_info": {"executed_lines": [], "summary": {"covered_lines": 0, "num_statements": 2, "percent_covered": 0.0, "percent_covered_display": "0", "missing_lines": 2, "excluded_lines": 0, "percent_statements_covered": 0.0, "percent_statements_covered_display": "0"}, "missing_lines": [190, 192], "excluded_lines": []}, "create_project": {"executed_lines": [], "summary": {"covered_lines": 0, "num_statements": 10, "percent_covered": 0.0, "percent_covered_display": "0", "missing_lines": 10, "excluded_lines": 0, "percent_statements_covered": 0.0, "percent_statements_covered_display": "0"}, "missing_lines": [207, 209, 210, 220, 221, 222, 233, 237, 238, 239], "excluded_lines": []}, "list_projects": {"executed_lines": [], "summary": {"covered_lines": 0, "num_statements": 9, "percent_covered": 0.0, "percent_covered_display": "0", "missing_lines": 9, "excluded_lines": 0, "percent_statements_covered": 0.0, "percent_statements_covered_display": "0"}, "missing_lines": [250, 252, 253, 257, 258, 272, 274, 275, 276], "excluded_lines": []}, "ask_question": {"executed_lines": [], "summary": {"covered_lines": 0, "num_statements": 11, "percent_covered": 0.0, "percent_covered_display": "0", "missing_lines": 11, "excluded_lines": 0, "percent_statements_covered": 0.0, "percent_statements_covered_display": "0"}, "missing_lines": [289, 291, 292, 302, 303, 310, 314, 315, 316, 317, 318], "excluded_lines": []}, "process_response": {"executed_lines": [], "summary": {"covered_lines": 0, "num_statements": 11, "percent_covered": 0.0, "percent_covered_display": "0", "missing_lines": 11, "excluded_lines": 0, "percent_statements_covered": 0.0, "percent_statements_covered_display": "0"}, "missing_lines": [331, 333, 334, 344, 345, 352, 356, 357, 358, 359, 360], "excluded_lines": []}, "generate_code": {"executed_lines": [], "summary": {"covered_lines": 0, "num_statements": 15, "percent_covered": 0.0, "percent_covered_display": "0", "missing_lines": 15, "excluded_lines": 0, "percent_statements_covered": 0.0, "percent_statements_covered_display": "0"}, "missing_lines": [373, 375, 377, 381, 382, 384, 387, 397, 398, 405, 409, 410, 411, 412, 413], "excluded_lines": []}, "socrates_error_handler": {"executed_lines": [], "summary": {"covered_lines": 0, "num_statements": 1, "percent_covered": 0.0, "percent_covered_display": "0", "missing_lines": 1, "excluded_lines": 0, "percent_statements_covered": 0.0, "percent_statements_covered_display": "0"}, "missing_lines": [419], "excluded_lines": []}, "general_error_handler": {"executed_lines": [], "summary": {"covered_lines": 0, "num_statements": 2, "percent_covered": 0.0, "percent_covered_display": "0", "missing_lines": 2, "excluded_lines": 0, "percent_statements_covered": 0.0, "percent_statements_covered_display": "0"}, "missing_lines": [433, 434], "excluded_lines": []}, "run": {"executed_lines": [], "summary": {"covered_lines": 0, "num_statements": 5, "percent_covered": 0.0, "percent_covered_display": "0", "missing_lines": 5, "excluded_lines": 0, "percent_statements_covered": 0.0, "percent_statements_covered_display": "0"}, "missing_lines": [446, 447, 448, 450, 452], "excluded_lines": []}, "": {"executed_lines": [1, 7, 8, 9, 10, 11, 13, 14, 15, 16, 18, 20, 33, 47, 50, 53, 56, 63, 92, 101, 110, 111, 112, 113, 114, 115, 116, 117, 118, 119, 122, 123, 128, 129, 134, 135, 140, 141, 187, 188, 197, 198, 242, 243, 279, 280, 321, 322, 363, 364, 416, 417, 430, 431, 444, 455], "summary": {"covered_lines": 55, "num_statements": 56, "percent_covered": 98.21428571428571, "percent_covered_display": "98", "missing_lines": 1, "excluded_lines": 0, "percent_statements_covered": 98.21428571428571, "percent_statements_covered_display": "98"}, "missing_lines": [456], "excluded_lines": []}}, "classes": {"": {"executed_lines": [1, 7, 8, 9, 10, 11, 13, 14, 15, 16, 18, 20, 33, 47, 50, 53, 56, 63, 92, 101, 110, 111, 112, 113, 114, 115, 116, 117, 118, 119, 122, 123, 128, 129, 134, 135, 137, 140, 141, 187, 188, 197, 198, 242, 243, 279, 280, 321, 322, 363, 364, 416, 417, 430, 431, 444, 455], "summary": {"covered_lines": 56, "num_statements": 163, "percent_covered": 34.355828220858896, "percent_covered_display": "34", "missing_lines": 107, "excluded_lines": 0, "percent_statements_covered": 34.355828220858896, "percent_statements_covered_display": "34"}, "missing_lines": [58, 59, 60, 65, 66, 69, 70, 73, 74, 76, 77, 79, 80, 83, 84, 85, 87, 88, 125, 131, 148, 149, 150, 152, 153, 156, 157, 158, 159, 161, 164, 167, 170, 173, 174, 176, 178, 182, 183, 184, 190, 192, 207, 209, 210, 220, 221, 222, 233, 237, 238, 239, 250, 252, 253, 257, 258, 272, 274, 275, 276, 289, 291, 292, 302, 303, 310, 314, 315, 316, 317, 318, 331, 333, 334, 344, 345, 352, 356, 357, 358, 359, 360, 373, 375, 377, 381, 382, 384, 387, 397, 398, 405, 409, 410, 411, 412, 413, 419, 433, 434, 446, 447, 448, 450, 452, 456], "excluded_lines": []}}}, "src\\socrates_api\\middleware\\__init__.py": {"executed_lines": [1, 7, 13], "summary": {"covered_lines": 2, "num_statements": 2, "percent_covered": 100.0, "percent_covered_display": "100", "missing_lines": 0, "excluded_lines": 0, "percent_statements_covered": 100.0, "percent_statements_covered_display": "100"}, "missing_lines": [], "excluded_lines": [], "functions": {"": {"executed_lines": [1, 7, 13], "summary": {"covered_lines": 2, "num_statements": 2, "percent_covered": 100.0, "percent_covered_display": "100", "missing_lines": 0, "excluded_lines": 0, "percent_statements_covered": 100.0, "percent_statements_covered_display": "100"}, "missing_lines": [], "excluded_lines": []}}, "classes": {"": {"executed_lines": [1, 7, 13], "summary": {"covered_lines": 2, "num_statements": 2, "percent_covered": 100.0, "percent_covered_display": "100", "missing_lines": 0, "excluded_lines": 0, "percent_statements_covered": 100.0, "percent_statements_covered_display": "100"}, "missing_lines": [], "excluded_lines": []}}}, "src\\socrates_api\\middleware\\subscription.py": {"executed_lines": [1, 8, 9, 10, 12, 14, 17, 69, 70, 72, 73, 77, 78, 83, 84, 102, 103, 121, 122, 145, 215, 289], "summary": {"covered_lines": 20, "num_statements": 91, "percent_covered": 21.978021978021978, "percent_covered_display": "22", "missing_lines": 71, "excluded_lines": 2, "percent_statements_covered": 21.978021978021978, "percent_statements_covered_display": "22"}, "missing_lines": [75, 80, 81, 91, 92, 94, 95, 97, 98, 100, 110, 111, 113, 114, 116, 117, 119, 129, 130, 132, 133, 135, 136, 141, 142, 162, 163, 164, 166, 167, 169, 170, 175, 176, 182, 183, 184, 190, 191, 192, 193, 198, 208, 210, 212, 232, 233, 234, 235, 236, 238, 239, 244, 245, 250, 251, 252, 258, 259, 262, 266, 267, 272, 282, 284, 286, 291, 293, 294, 295, 297], "excluded_lines": [146, 216], "functions": {"SubscriptionChecker.get_tier_limits": {"executed_lines": [], "summary": {"covered_lines": 0, "num_statements": 1, "percent_covered": 0.0, "percent_covered_display": "0", "missing_lines": 1, "excluded_lines": 0, "percent_statements_covered": 0.0, "percent_statements_covered_display": "0"}, "missing_lines": [75], "excluded_lines": []}, "SubscriptionChecker.has_feature": {"executed_lines": [], "summary": {"covered_lines": 0, "num_statements": 2, "percent_covered": 0.0, "percent_covered_display": "0", "missing_lines": 2, "excluded_lines": 0, "percent_statements_covered": 0.0, "percent_statements_covered_display": "0"}, "missing_lines": [80, 81], "excluded_lines": []}, "SubscriptionChecker.can_create_projects": {"executed_lines": [], "summary": {"covered_lines": 0, "num_statements": 7, "percent_covered": 0.0, "percent_covered_display": "0", "missing_lines": 7, "excluded_lines": 0, "percent_statements_covered": 0.0, "percent_statements_covered_display": "0"}, "missing_lines": [91, 92, 94, 95, 97, 98, 100], "excluded_lines": []}, "SubscriptionChecker.can_add_team_member": {"executed_lines": [], "summary": {"covered_lines": 0, "num_statements": 7, "percent_covered": 0.0, "percent_covered_display": "0", "missing_lines": 7, "excluded_lines": 0, "percent_statements_covered": 0.0, "percent_statements_covered_display": "0"}, "missing_lines": [110, 111, 113, 114, 116, 117, 119], "excluded_lines": []}, "SubscriptionChecker.can_ask_questions": {"executed_lines": [], "summary": {"covered_lines": 0, "num_statements": 8, "percent_covered": 0.0, "percent_covered_display": "0", "missing_lines": 8, "excluded_lines": 0, "percent_statements_covered": 0.0, "percent_statements_covered_display": "0"}, "missing_lines": [129, 130, 132, 133, 135, 136, 141, 142], "excluded_lines": []}, "require_subscription_feature": {"executed_lines": [], "summary": {"covered_lines": 0, "num_statements": 3, "percent_covered": 0.0, "percent_covered_display": "0", "missing_lines": 3, "excluded_lines": 1, "percent_statements_covered": 0.0, "percent_statements_covered_display": "0"}, "missing_lines": [162, 163, 212], "excluded_lines": [146]}, "require_subscription_feature.decorator": {"executed_lines": [], "summary": {"covered_lines": 0, "num_statements": 2, "percent_covered": 0.0, "percent_covered_display": "0", "missing_lines": 2, "excluded_lines": 0, "percent_statements_covered": 0.0, "percent_statements_covered_display": "0"}, "missing_lines": [164, 210], "excluded_lines": []}, "require_subscription_feature.decorator.wrapper": {"executed_lines": [], "summary": {"covered_lines": 0, "num_statements": 15, "percent_covered": 0.0, "percent_covered_display": "0", "missing_lines": 15, "excluded_lines": 0, "percent_statements_covered": 0.0, "percent_statements_covered_display": "0"}, "missing_lines": [166, 167, 169, 170, 175, 176, 182, 183, 184, 190, 191, 192, 193, 198, 208], "excluded_lines": []}, "require_subscription_tier": {"executed_lines": [], "summary": {"covered_lines": 0, "num_statements": 3, "percent_covered": 0.0, "percent_covered_display": "0", "missing_lines": 3, "excluded_lines": 1, "percent_statements_covered": 0.0, "percent_statements_covered_display": "0"}, "missing_lines": [232, 233, 286], "excluded_lines": [216]}, "require_subscription_tier.decorator": {"executed_lines": [], "summary": {"covered_lines": 0, "num_statements": 2, "percent_covered": 0.0, "percent_covered_display": "0", "missing_lines": 2, "excluded_lines": 0, "percent_statements_covered": 0.0, "percent_statements_covered_display": "0"}, "missing_lines": [234, 284], "excluded_lines": []}, "require_subscription_tier.decorator.wrapper": {"executed_lines": [], "summary": {"covered_lines": 0, "num_statements": 16, "percent_covered": 0.0, "percent_covered_display": "0", "missing_lines": 16, "excluded_lines": 0, "percent_statements_covered": 0.0, "percent_statements_covered_display": "0"}, "missing_lines": [235, 236, 238, 239, 244, 245, 250, 251, 252, 258, 259, 262, 266, 267, 272, 282], "excluded_lines": []}, "_get_required_tier_for_feature": {"executed_lines": [], "summary": {"covered_lines": 0, "num_statements": 5, "percent_covered": 0.0, "percent_covered_display": "0", "missing_lines": 5, "excluded_lines": 0, "percent_statements_covered": 0.0, "percent_statements_covered_display": "0"}, "missing_lines": [291, 293, 294, 295, 297], "excluded_lines": []}, "": {"executed_lines": [1, 8, 9, 10, 12, 14, 17, 69, 70, 72, 73, 77, 78, 83, 84, 102, 103, 121, 122, 145, 215, 289], "summary": {"covered_lines": 20, "num_statements": 20, "percent_covered": 100.0, "percent_covered_display": "100", "missing_lines": 0, "excluded_lines": 0, "percent_statements_covered": 100.0, "percent_statements_covered_display": "100"}, "missing_lines": [], "excluded_lines": []}}, "classes": {"SubscriptionChecker": {"executed_lines": [], "summary": {"covered_lines": 0, "num_statements": 25, "percent_covered": 0.0, "percent_covered_display": "0", "missing_lines": 25, "excluded_lines": 0, "percent_statements_covered": 0.0, "percent_statements_covered_display": "0"}, "missing_lines": [75, 80, 81, 91, 92, 94, 95, 97, 98, 100, 110, 111, 113, 114, 116, 117, 119, 129, 130, 132, 133, 135, 136, 141, 142], "excluded_lines": []}, "": {"executed_lines": [1, 8, 9, 10, 12, 14, 17, 69, 70, 72, 73, 77, 78, 83, 84, 102, 103, 121, 122, 145, 215, 289], "summary": {"covered_lines": 20, "num_statements": 66, "percent_covered": 30.303030303030305, "percent_covered_display": "30", "missing_lines": 46, "excluded_lines": 2, "percent_statements_covered": 30.303030303030305, "percent_statements_covered_display": "30"}, "missing_lines": [162, 163, 164, 166, 167, 169, 170, 175, 176, 182, 183, 184, 190, 191, 192, 193, 198, 208, 210, 212, 232, 233, 234, 235, 236, 238, 239, 244, 245, 250, 251, 252, 258, 259, 262, 266, 267, 272, 282, 284, 286, 291, 293, 294, 295, 297], "excluded_lines": [146, 216]}}}, "src\\socrates_api\\models.py": {"executed_lines": [1, 5, 6, 7, 10, 11, 13, 14, 15, 16, 20, 21, 31, 32, 34, 35, 37, 38, 46, 47, 49, 50, 51, 52, 53, 54, 55, 56, 58, 59, 73, 74, 76, 77, 79, 80, 99, 100, 102, 103, 104, 106, 107, 116, 117, 119, 120, 121, 122, 124, 125, 138, 139, 141, 142, 143, 145, 146, 155, 156, 158, 159, 160, 163, 165, 166, 184, 185, 187, 188, 189, 191, 192, 201, 202, 204, 205, 206, 207, 209, 210, 220, 221, 223, 224, 225, 226, 228, 229, 239, 240, 242, 243, 244, 245, 247, 248, 263, 264, 266, 269, 270, 274, 275, 284, 285, 287, 288, 290, 291, 299, 300, 302, 303, 304, 305, 306, 307, 309, 310, 322, 323, 325, 326, 327, 328, 330, 331, 341, 342, 344, 345, 346, 347, 348, 350, 351, 369, 370, 372, 374, 375, 382, 383, 385, 386, 388, 389], "summary": {"covered_lines": 128, "num_statements": 128, "percent_covered": 100.0, "percent_covered_display": "100", "missing_lines": 0, "excluded_lines": 0, "percent_statements_covered": 100.0, "percent_statements_covered_display": "100"}, "missing_lines": [], "excluded_lines": [], "functions": {"": {"executed_lines": [1, 5, 6, 7, 10, 11, 13, 14, 15, 16, 20, 21, 31, 32, 34, 35, 37, 38, 46, 47, 49, 50, 51, 52, 53, 54, 55, 56, 58, 59, 73, 74, 76, 77, 79, 80, 99, 100, 102, 103, 104, 106, 107, 116, 117, 119, 120, 121, 122, 124, 125, 138, 139, 141, 142, 143, 145, 146, 155, 156, 158, 159, 160, 163, 165, 166, 184, 185, 187, 188, 189, 191, 192, 201, 202, 204, 205, 206, 207, 209, 210, 220, 221, 223, 224, 225, 226, 228, 229, 239, 240, 242, 243, 244, 245, 247, 248, 263, 264, 266, 269, 270, 274, 275, 284, 285, 287, 288, 290, 291, 299, 300, 302, 303, 304, 305, 306, 307, 309, 310, 322, 323, 325, 326, 327, 328, 330, 331, 341, 342, 344, 345, 346, 347, 348, 350, 351, 369, 370, 372, 374, 375, 382, 383, 385, 386, 388, 389], "summary": {"covered_lines": 128, "num_statements": 128, "percent_covered": 100.0, "percent_covered_display": "100", "missing_lines": 0, "excluded_lines": 0, "percent_statements_covered": 100.0, "percent_statements_covered_display": "100"}, "missing_lines": [], "excluded_lines": []}}, "classes": {"CreateProjectRequest": {"executed_lines": [], "summary": {"covered_lines": 0, "num_statements": 0, "percent_covered": 100.0, "percent_covered_display": "100", "missing_lines": 0, "excluded_lines": 0, "percent_statements_covered": 100.0, "percent_statements_covered_display": "100"}, "missing_lines": [], "excluded_lines": []}, "CreateProjectRequest.Config": {"executed_lines": [], "summary": {"covered_lines": 0, "num_statements": 0, "percent_covered": 100.0, "percent_covered_display": "100", "missing_lines": 0, "excluded_lines": 0, "percent_statements_covered": 100.0, "percent_statements_covered_display": "100"}, "missing_lines": [], "excluded_lines": []}, "UpdateProjectRequest": {"executed_lines": [], "summary": {"covered_lines": 0, "num_statements": 0, "percent_covered": 100.0, "percent_covered_display": "100", "missing_lines": 0, "excluded_lines": 0, "percent_statements_covered": 100.0, "percent_statements_covered_display": "100"}, "missing_lines": [], "excluded_lines": []}, "UpdateProjectRequest.Config": {"executed_lines": [], "summary": {"covered_lines": 0, "num_statements": 0, "percent_covered": 100.0, "percent_covered_display": "100", "missing_lines": 0, "excluded_lines": 0, "percent_statements_covered": 100.0, "percent_statements_covered_display": "100"}, "missing_lines": [], "excluded_lines": []}, "ProjectResponse": {"executed_lines": [], "summary": {"covered_lines": 0, "num_statements": 0, "percent_covered": 100.0, "percent_covered_display": "100", "missing_lines": 0, "excluded_lines": 0, "percent_statements_covered": 100.0, "percent_statements_covered_display": "100"}, "missing_lines": [], "excluded_lines": []}, "ProjectResponse.Config": {"executed_lines": [], "summary": {"covered_lines": 0, "num_statements": 0, "percent_covered": 100.0, "percent_covered_display": "100", "missing_lines": 0, "excluded_lines": 0, "percent_statements_covered": 100.0, "percent_statements_covered_display": "100"}, "missing_lines": [], "excluded_lines": []}, "ListProjectsResponse": {"executed_lines": [], "summary": {"covered_lines": 0, "num_statements": 0, "percent_covered": 100.0, "percent_covered_display": "100", "missing_lines": 0, "excluded_lines": 0, "percent_statements_covered": 100.0, "percent_statements_covered_display": "100"}, "missing_lines": [], "excluded_lines": []}, "ListProjectsResponse.Config": {"executed_lines": [], "summary": {"covered_lines": 0, "num_statements": 0, "percent_covered": 100.0, "percent_covered_display": "100", "missing_lines": 0, "excluded_lines": 0, "percent_statements_covered": 100.0, "percent_statements_covered_display": "100"}, "missing_lines": [], "excluded_lines": []}, "AskQuestionRequest": {"executed_lines": [], "summary": {"covered_lines": 0, "num_statements": 0, "percent_covered": 100.0, "percent_covered_display": "100", "missing_lines": 0, "excluded_lines": 0, "percent_statements_covered": 100.0, "percent_statements_covered_display": "100"}, "missing_lines": [], "excluded_lines": []}, "AskQuestionRequest.Config": {"executed_lines": [], "summary": {"covered_lines": 0, "num_statements": 0, "percent_covered": 100.0, "percent_covered_display": "100", "missing_lines": 0, "excluded_lines": 0, "percent_statements_covered": 100.0, "percent_statements_covered_display": "100"}, "missing_lines": [], "excluded_lines": []}, "QuestionResponse": {"executed_lines": [], "summary": {"covered_lines": 0, "num_statements": 0, "percent_covered": 100.0, "percent_covered_display": "100", "missing_lines": 0, "excluded_lines": 0, "percent_statements_covered": 100.0, "percent_statements_covered_display": "100"}, "missing_lines": [], "excluded_lines": []}, "QuestionResponse.Config": {"executed_lines": [], "summary": {"covered_lines": 0, "num_statements": 0, "percent_covered": 100.0, "percent_covered_display": "100", "missing_lines": 0, "excluded_lines": 0, "percent_statements_covered": 100.0, "percent_statements_covered_display": "100"}, "missing_lines": [], "excluded_lines": []}, "ProcessResponseRequest": {"executed_lines": [], "summary": {"covered_lines": 0, "num_statements": 0, "percent_covered": 100.0, "percent_covered_display": "100", "missing_lines": 0, "excluded_lines": 0, "percent_statements_covered": 100.0, "percent_statements_covered_display": "100"}, "missing_lines": [], "excluded_lines": []}, "ProcessResponseRequest.Config": {"executed_lines": [], "summary": {"covered_lines": 0, "num_statements": 0, "percent_covered": 100.0, "percent_covered_display": "100", "missing_lines": 0, "excluded_lines": 0, "percent_statements_covered": 100.0, "percent_statements_covered_display": "100"}, "missing_lines": [], "excluded_lines": []}, "ProcessResponseResponse": {"executed_lines": [], "summary": {"covered_lines": 0, "num_statements": 0, "percent_covered": 100.0, "percent_covered_display": "100", "missing_lines": 0, "excluded_lines": 0, "percent_statements_covered": 100.0, "percent_statements_covered_display": "100"}, "missing_lines": [], "excluded_lines": []}, "ProcessResponseResponse.Config": {"executed_lines": [], "summary": {"covered_lines": 0, "num_statements": 0, "percent_covered": 100.0, "percent_covered_display": "100", "missing_lines": 0, "excluded_lines": 0, "percent_statements_covered": 100.0, "percent_statements_covered_display": "100"}, "missing_lines": [], "excluded_lines": []}, "GenerateCodeRequest": {"executed_lines": [], "summary": {"covered_lines": 0, "num_statements": 0, "percent_covered": 100.0, "percent_covered_display": "100", "missing_lines": 0, "excluded_lines": 0, "percent_statements_covered": 100.0, "percent_statements_covered_display": "100"}, "missing_lines": [], "excluded_lines": []}, "GenerateCodeRequest.Config": {"executed_lines": [], "summary": {"covered_lines": 0, "num_statements": 0, "percent_covered": 100.0, "percent_covered_display": "100", "missing_lines": 0, "excluded_lines": 0, "percent_statements_covered": 100.0, "percent_statements_covered_display": "100"}, "missing_lines": [], "excluded_lines": []}, "CodeGenerationResponse": {"executed_lines": [], "summary": {"covered_lines": 0, "num_statements": 0, "percent_covered": 100.0, "percent_covered_display": "100", "missing_lines": 0, "excluded_lines": 0, "percent_statements_covered": 100.0, "percent_statements_covered_display": "100"}, "missing_lines": [], "excluded_lines": []}, "CodeGenerationResponse.Config": {"executed_lines": [], "summary": {"covered_lines": 0, "num_statements": 0, "percent_covered": 100.0, "percent_covered_display": "100", "missing_lines": 0, "excluded_lines": 0, "percent_statements_covered": 100.0, "percent_statements_covered_display": "100"}, "missing_lines": [], "excluded_lines": []}, "ErrorResponse": {"executed_lines": [], "summary": {"covered_lines": 0, "num_statements": 0, "percent_covered": 100.0, "percent_covered_display": "100", "missing_lines": 0, "excluded_lines": 0, "percent_statements_covered": 100.0, "percent_statements_covered_display": "100"}, "missing_lines": [], "excluded_lines": []}, "ErrorResponse.Config": {"executed_lines": [], "summary": {"covered_lines": 0, "num_statements": 0, "percent_covered": 100.0, "percent_covered_display": "100", "missing_lines": 0, "excluded_lines": 0, "percent_statements_covered": 100.0, "percent_statements_covered_display": "100"}, "missing_lines": [], "excluded_lines": []}, "SystemInfoResponse": {"executed_lines": [], "summary": {"covered_lines": 0, "num_statements": 0, "percent_covered": 100.0, "percent_covered_display": "100", "missing_lines": 0, "excluded_lines": 0, "percent_statements_covered": 100.0, "percent_statements_covered_display": "100"}, "missing_lines": [], "excluded_lines": []}, "SystemInfoResponse.Config": {"executed_lines": [], "summary": {"covered_lines": 0, "num_statements": 0, "percent_covered": 100.0, "percent_covered_display": "100", "missing_lines": 0, "excluded_lines": 0, "percent_statements_covered": 100.0, "percent_statements_covered_display": "100"}, "missing_lines": [], "excluded_lines": []}, "RegisterRequest": {"executed_lines": [], "summary": {"covered_lines": 0, "num_statements": 0, "percent_covered": 100.0, "percent_covered_display": "100", "missing_lines": 0, "excluded_lines": 0, "percent_statements_covered": 100.0, "percent_statements_covered_display": "100"}, "missing_lines": [], "excluded_lines": []}, "RegisterRequest.Config": {"executed_lines": [], "summary": {"covered_lines": 0, "num_statements": 0, "percent_covered": 100.0, "percent_covered_display": "100", "missing_lines": 0, "excluded_lines": 0, "percent_statements_covered": 100.0, "percent_statements_covered_display": "100"}, "missing_lines": [], "excluded_lines": []}, "LoginRequest": {"executed_lines": [], "summary": {"covered_lines": 0, "num_statements": 0, "percent_covered": 100.0, "percent_covered_display": "100", "missing_lines": 0, "excluded_lines": 0, "percent_statements_covered": 100.0, "percent_statements_covered_display": "100"}, "missing_lines": [], "excluded_lines": []}, "LoginRequest.Config": {"executed_lines": [], "summary": {"covered_lines": 0, "num_statements": 0, "percent_covered": 100.0, "percent_covered_display": "100", "missing_lines": 0, "excluded_lines": 0, "percent_statements_covered": 100.0, "percent_statements_covered_display": "100"}, "missing_lines": [], "excluded_lines": []}, "UserResponse": {"executed_lines": [], "summary": {"covered_lines": 0, "num_statements": 0, "percent_covered": 100.0, "percent_covered_display": "100", "missing_lines": 0, "excluded_lines": 0, "percent_statements_covered": 100.0, "percent_statements_covered_display": "100"}, "missing_lines": [], "excluded_lines": []}, "UserResponse.Config": {"executed_lines": [], "summary": {"covered_lines": 0, "num_statements": 0, "percent_covered": 100.0, "percent_covered_display": "100", "missing_lines": 0, "excluded_lines": 0, "percent_statements_covered": 100.0, "percent_statements_covered_display": "100"}, "missing_lines": [], "excluded_lines": []}, "TokenResponse": {"executed_lines": [], "summary": {"covered_lines": 0, "num_statements": 0, "percent_covered": 100.0, "percent_covered_display": "100", "missing_lines": 0, "excluded_lines": 0, "percent_statements_covered": 100.0, "percent_statements_covered_display": "100"}, "missing_lines": [], "excluded_lines": []}, "TokenResponse.Config": {"executed_lines": [], "summary": {"covered_lines": 0, "num_statements": 0, "percent_covered": 100.0, "percent_covered_display": "100", "missing_lines": 0, "excluded_lines": 0, "percent_statements_covered": 100.0, "percent_statements_covered_display": "100"}, "missing_lines": [], "excluded_lines": []}, "AuthResponse": {"executed_lines": [], "summary": {"covered_lines": 0, "num_statements": 0, "percent_covered": 100.0, "percent_covered_display": "100", "missing_lines": 0, "excluded_lines": 0, "percent_statements_covered": 100.0, "percent_statements_covered_display": "100"}, "missing_lines": [], "excluded_lines": []}, "AuthResponse.Config": {"executed_lines": [], "summary": {"covered_lines": 0, "num_statements": 0, "percent_covered": 100.0, "percent_covered_display": "100", "missing_lines": 0, "excluded_lines": 0, "percent_statements_covered": 100.0, "percent_statements_covered_display": "100"}, "missing_lines": [], "excluded_lines": []}, "RefreshTokenRequest": {"executed_lines": [], "summary": {"covered_lines": 0, "num_statements": 0, "percent_covered": 100.0, "percent_covered_display": "100", "missing_lines": 0, "excluded_lines": 0, "percent_statements_covered": 100.0, "percent_statements_covered_display": "100"}, "missing_lines": [], "excluded_lines": []}, "RefreshTokenRequest.Config": {"executed_lines": [], "summary": {"covered_lines": 0, "num_statements": 0, "percent_covered": 100.0, "percent_covered_display": "100", "missing_lines": 0, "excluded_lines": 0, "percent_statements_covered": 100.0, "percent_statements_covered_display": "100"}, "missing_lines": [], "excluded_lines": []}, "SuccessResponse": {"executed_lines": [], "summary": {"covered_lines": 0, "num_statements": 0, "percent_covered": 100.0, "percent_covered_display": "100", "missing_lines": 0, "excluded_lines": 0, "percent_statements_covered": 100.0, "percent_statements_covered_display": "100"}, "missing_lines": [], "excluded_lines": []}, "SuccessResponse.Config": {"executed_lines": [], "summary": {"covered_lines": 0, "num_statements": 0, "percent_covered": 100.0, "percent_covered_display": "100", "missing_lines": 0, "excluded_lines": 0, "percent_statements_covered": 100.0, "percent_statements_covered_display": "100"}, "missing_lines": [], "excluded_lines": []}, "": {"executed_lines": [1, 5, 6, 7, 10, 11, 13, 14, 15, 16, 20, 21, 31, 32, 34, 35, 37, 38, 46, 47, 49, 50, 51, 52, 53, 54, 55, 56, 58, 59, 73, 74, 76, 77, 79, 80, 99, 100, 102, 103, 104, 106, 107, 116, 117, 119, 120, 121, 122, 124, 125, 138, 139, 141, 142, 143, 145, 146, 155, 156, 158, 159, 160, 163, 165, 166, 184, 185, 187, 188, 189, 191, 192, 201, 202, 204, 205, 206, 207, 209, 210, 220, 221, 223, 224, 225, 226, 228, 229, 239, 240, 242, 243, 244, 245, 247, 248, 263, 264, 266, 269, 270, 274, 275, 284, 285, 287, 288, 290, 291, 299, 300, 302, 303, 304, 305, 306, 307, 309, 310, 322, 323, 325, 326, 327, 328, 330, 331, 341, 342, 344, 345, 346, 347, 348, 350, 351, 369, 370, 372, 374, 375, 382, 383, 385, 386, 388, 389], "summary": {"covered_lines": 128, "num_statements": 128, "percent_covered": 100.0, "percent_covered_display": "100", "missing_lines": 0, "excluded_lines": 0, "percent_statements_covered": 100.0, "percent_statements_covered_display": "100"}, "missing_lines": [], "excluded_lines": []}}}, "src\\socrates_api\\routers\\__init__.py": {"executed_lines": [1, 7, 8, 9, 10, 11, 12, 13, 14, 15, 16, 18], "summary": {"covered_lines": 11, "num_statements": 11, "percent_covered": 100.0, "percent_covered_display": "100", "missing_lines": 0, "excluded_lines": 0, "percent_statements_covered": 100.0, "percent_statements_covered_display": "100"}, "missing_lines": [], "excluded_lines": [], "functions": {"": {"executed_lines": [1, 7, 8, 9, 10, 11, 12, 13, 14, 15, 16, 18], "summary": {"covered_lines": 11, "num_statements": 11, "percent_covered": 100.0, "percent_covered_display": "100", "missing_lines": 0, "excluded_lines": 0, "percent_statements_covered": 100.0, "percent_statements_covered_display": "100"}, "missing_lines": [], "excluded_lines": []}}, "classes": {"": {"executed_lines": [1, 7, 8, 9, 10, 11, 12, 13, 14, 15, 16, 18], "summary": {"covered_lines": 11, "num_statements": 11, "percent_covered": 100.0, "percent_covered_display": "100", "missing_lines": 0, "excluded_lines": 0, "percent_statements_covered": 100.0, "percent_statements_covered_display": "100"}, "missing_lines": [], "excluded_lines": []}}}, "src\\socrates_api\\routers\\analysis.py": {"executed_lines": [1, 7, 8, 9, 10, 12, 14, 15, 17, 18, 21, 23, 24, 25, 28, 39, 79, 89, 134, 144, 185, 195, 240, 250, 294, 304], "summary": {"covered_lines": 25, "num_statements": 67, "percent_covered": 37.3134328358209, "percent_covered_display": "37", "missing_lines": 42, "excluded_lines": 0, "percent_statements_covered": 37.3134328358209, "percent_statements_covered_display": "37"}, "missing_lines": [53, 54, 57, 65, 71, 72, 73, 105, 106, 109, 120, 126, 127, 128, 158, 159, 162, 171, 177, 178, 179, 211, 212, 215, 226, 232, 233, 234, 268, 269, 272, 280, 286, 287, 288, 318, 319, 322, 344, 350, 351, 352], "excluded_lines": [], "functions": {"get_database": {"executed_lines": [23, 24, 25], "summary": {"covered_lines": 3, "num_statements": 3, "percent_covered": 100.0, "percent_covered_display": "100", "missing_lines": 0, "excluded_lines": 0, "percent_statements_covered": 100.0, "percent_statements_covered_display": "100"}, "missing_lines": [], "excluded_lines": []}, "validate_code": {"executed_lines": [], "summary": {"covered_lines": 0, "num_statements": 7, "percent_covered": 0.0, "percent_covered_display": "0", "missing_lines": 7, "excluded_lines": 0, "percent_statements_covered": 0.0, "percent_statements_covered_display": "0"}, "missing_lines": [53, 54, 57, 65, 71, 72, 73], "excluded_lines": []}, "run_tests": {"executed_lines": [], "summary": {"covered_lines": 0, "num_statements": 7, "percent_covered": 0.0, "percent_covered_display": "0", "missing_lines": 7, "excluded_lines": 0, "percent_statements_covered": 0.0, "percent_statements_covered_display": "0"}, "missing_lines": [105, 106, 109, 120, 126, 127, 128], "excluded_lines": []}, "analyze_structure": {"executed_lines": [], "summary": {"covered_lines": 0, "num_statements": 7, "percent_covered": 0.0, "percent_covered_display": "0", "missing_lines": 7, "excluded_lines": 0, "percent_statements_covered": 0.0, "percent_statements_covered_display": "0"}, "missing_lines": [158, 159, 162, 171, 177, 178, 179], "excluded_lines": []}, "review_code": {"executed_lines": [], "summary": {"covered_lines": 0, "num_statements": 7, "percent_covered": 0.0, "percent_covered_display": "0", "missing_lines": 7, "excluded_lines": 0, "percent_statements_covered": 0.0, "percent_statements_covered_display": "0"}, "missing_lines": [211, 212, 215, 226, 232, 233, 234], "excluded_lines": []}, "auto_fix_issues": {"executed_lines": [], "summary": {"covered_lines": 0, "num_statements": 7, "percent_covered": 0.0, "percent_covered_display": "0", "missing_lines": 7, "excluded_lines": 0, "percent_statements_covered": 0.0, "percent_statements_covered_display": "0"}, "missing_lines": [268, 269, 272, 280, 286, 287, 288], "excluded_lines": []}, "get_analysis_report": {"executed_lines": [], "summary": {"covered_lines": 0, "num_statements": 7, "percent_covered": 0.0, "percent_covered_display": "0", "missing_lines": 7, "excluded_lines": 0, "percent_statements_covered": 0.0, "percent_statements_covered_display": "0"}, "missing_lines": [318, 319, 322, 344, 350, 351, 352], "excluded_lines": []}, "": {"executed_lines": [1, 7, 8, 9, 10, 12, 14, 15, 17, 18, 21, 28, 39, 79, 89, 134, 144, 185, 195, 240, 250, 294, 304], "summary": {"covered_lines": 22, "num_statements": 22, "percent_covered": 100.0, "percent_covered_display": "100", "missing_lines": 0, "excluded_lines": 0, "percent_statements_covered": 100.0, "percent_statements_covered_display": "100"}, "missing_lines": [], "excluded_lines": []}}, "classes": {"": {"executed_lines": [1, 7, 8, 9, 10, 12, 14, 15, 17, 18, 21, 23, 24, 25, 28, 39, 79, 89, 134, 144, 185, 195, 240, 250, 294, 304], "summary": {"covered_lines": 25, "num_statements": 67, "percent_covered": 37.3134328358209, "percent_covered_display": "37", "missing_lines": 42, "excluded_lines": 0, "percent_statements_covered": 37.3134328358209, "percent_statements_covered_display": "37"}, "missing_lines": [53, 54, 57, 65, 71, 72, 73, 105, 106, 109, 120, 126, 127, 128, 158, 159, 162, 171, 177, 178, 179, 211, 212, 215, 226, 232, 233, 234, 268, 269, 272, 280, 286, 287, 288, 318, 319, 322, 344, 350, 351, 352], "excluded_lines": []}}}, "src\\socrates_api\\routers\\analytics.py": {"executed_lines": [1, 7, 8, 9, 10, 11, 13, 15, 16, 18, 19, 22, 29, 39, 83, 93, 144, 154, 224, 234], "summary": {"covered_lines": 19, "num_statements": 60, "percent_covered": 31.666666666666668, "percent_covered_display": "32", "missing_lines": 41, "excluded_lines": 0, "percent_statements_covered": 31.666666666666668, "percent_statements_covered_display": "32"}, "missing_lines": [24, 25, 26, 55, 56, 59, 69, 75, 76, 77, 109, 110, 111, 116, 120, 128, 134, 135, 136, 137, 138, 170, 171, 172, 177, 178, 183, 186, 208, 214, 215, 216, 217, 218, 248, 249, 252, 272, 278, 279, 280], "excluded_lines": [], "functions": {"get_database": {"executed_lines": [], "summary": {"covered_lines": 0, "num_statements": 3, "percent_covered": 0.0, "percent_covered_display": "0", "missing_lines": 3, "excluded_lines": 0, "percent_statements_covered": 0.0, "percent_statements_covered_display": "0"}, "missing_lines": [24, 25, 26], "excluded_lines": []}, "get_trends": {"executed_lines": [], "summary": {"covered_lines": 0, "num_statements": 7, "percent_covered": 0.0, "percent_covered_display": "0", "missing_lines": 7, "excluded_lines": 0, "percent_statements_covered": 0.0, "percent_statements_covered_display": "0"}, "missing_lines": [55, 56, 59, 69, 75, 76, 77], "excluded_lines": []}, "export_analytics": {"executed_lines": [], "summary": {"covered_lines": 0, "num_statements": 11, "percent_covered": 0.0, "percent_covered_display": "0", "missing_lines": 11, "excluded_lines": 0, "percent_statements_covered": 0.0, "percent_statements_covered_display": "0"}, "missing_lines": [109, 110, 111, 116, 120, 128, 134, 135, 136, 137, 138], "excluded_lines": []}, "compare_projects": {"executed_lines": [], "summary": {"covered_lines": 0, "num_statements": 13, "percent_covered": 0.0, "percent_covered_display": "0", "missing_lines": 13, "excluded_lines": 0, "percent_statements_covered": 0.0, "percent_statements_covered_display": "0"}, "missing_lines": [170, 171, 172, 177, 178, 183, 186, 208, 214, 215, 216, 217, 218], "excluded_lines": []}, "get_dashboard_analytics": {"executed_lines": [], "summary": {"covered_lines": 0, "num_statements": 7, "percent_covered": 0.0, "percent_covered_display": "0", "missing_lines": 7, "excluded_lines": 0, "percent_statements_covered": 0.0, "percent_statements_covered_display": "0"}, "missing_lines": [248, 249, 252, 272, 278, 279, 280], "excluded_lines": []}, "": {"executed_lines": [1, 7, 8, 9, 10, 11, 13, 15, 16, 18, 19, 22, 29, 39, 83, 93, 144, 154, 224, 234], "summary": {"covered_lines": 19, "num_statements": 19, "percent_covered": 100.0, "percent_covered_display": "100", "missing_lines": 0, "excluded_lines": 0, "percent_statements_covered": 100.0, "percent_statements_covered_display": "100"}, "missing_lines": [], "excluded_lines": []}}, "classes": {"": {"executed_lines": [1, 7, 8, 9, 10, 11, 13, 15, 16, 18, 19, 22, 29, 39, 83, 93, 144, 154, 224, 234], "summary": {"covered_lines": 19, "num_statements": 60, "percent_covered": 31.666666666666668, "percent_covered_display": "32", "missing_lines": 41, "excluded_lines": 0, "percent_statements_covered": 31.666666666666668, "percent_statements_covered_display": "32"}, "missing_lines": [24, 25, 26, 55, 56, 59, 69, 75, 76, 77, 109, 110, 111, 116, 120, 128, 134, 135, 136, 137, 138, 170, 171, 172, 177, 178, 183, 186, 208, 214, 215, 216, 217, 218, 248, 249, 252, 272, 278, 279, 280], "excluded_lines": []}}}, "src\\socrates_api\\routers\\auth.py": {"executed_lines": [1, 8, 9, 10, 11, 12, 14, 16, 17, 18, 26, 37, 38, 41, 44, 47, 48, 49, 50, 51, 54, 56, 66, 77, 94, 96, 103, 104, 105, 106, 112, 115, 126, 127, 130, 131, 134, 136, 144, 145, 154, 165, 181, 183, 184, 185, 186, 192, 193, 194, 199, 202, 203, 206, 208, 216, 217, 226, 237, 251, 253, 254, 255, 291, 292, 301, 311, 346, 356, 393, 404, 446, 457, 509, 520, 574, 595], "summary": {"covered_lines": 76, "num_statements": 152, "percent_covered": 50.0, "percent_covered_display": "50", "missing_lines": 76, "excluded_lines": 0, "percent_statements_covered": 50.0, "percent_statements_covered_display": "50"}, "missing_lines": [97, 146, 147, 148, 218, 219, 220, 260, 261, 262, 268, 269, 270, 275, 278, 279, 282, 284, 293, 294, 295, 330, 331, 334, 338, 339, 340, 373, 374, 375, 376, 381, 383, 384, 385, 386, 387, 421, 422, 423, 424, 433, 434, 436, 437, 438, 439, 440, 477, 478, 479, 480, 486, 487, 488, 491, 493, 494, 499, 500, 501, 502, 503, 542, 543, 544, 545, 550, 551, 553, 554, 559, 560, 561, 562, 563], "excluded_lines": [], "functions": {"get_database": {"executed_lines": [47, 48, 49, 50, 51], "summary": {"covered_lines": 5, "num_statements": 5, "percent_covered": 100.0, "percent_covered_display": "100", "missing_lines": 0, "excluded_lines": 0, "percent_statements_covered": 100.0, "percent_statements_covered_display": "100"}, "missing_lines": [], "excluded_lines": []}, "_user_to_response": {"executed_lines": [56], "summary": {"covered_lines": 1, "num_statements": 1, "percent_covered": 100.0, "percent_covered_display": "100", "missing_lines": 0, "excluded_lines": 0, "percent_statements_covered": 100.0, "percent_statements_covered_display": "100"}, "missing_lines": [], "excluded_lines": []}, "register": {"executed_lines": [94, 96, 103, 104, 105, 106, 112, 115, 126, 127, 130, 131, 134, 136, 144, 145], "summary": {"covered_lines": 16, "num_statements": 20, "percent_covered": 80.0, "percent_covered_display": "80", "missing_lines": 4, "excluded_lines": 0, "percent_statements_covered": 80.0, "percent_statements_covered_display": "80"}, "missing_lines": [97, 146, 147, 148], "excluded_lines": []}, "login": {"executed_lines": [181, 183, 184, 185, 186, 192, 193, 194, 199, 202, 203, 206, 208, 216, 217], "summary": {"covered_lines": 15, "num_statements": 18, "percent_covered": 83.33333333333333, "percent_covered_display": "83", "missing_lines": 3, "excluded_lines": 0, "percent_statements_covered": 83.33333333333333, "percent_statements_covered_display": "83"}, "missing_lines": [218, 219, 220], "excluded_lines": []}, "refresh": {"executed_lines": [251, 253, 254, 255, 291, 292], "summary": {"covered_lines": 6, "num_statements": 20, "percent_covered": 30.0, "percent_covered_display": "30", "missing_lines": 14, "excluded_lines": 0, "percent_statements_covered": 30.0, "percent_statements_covered_display": "30"}, "missing_lines": [260, 261, 262, 268, 269, 270, 275, 278, 279, 282, 284, 293, 294, 295], "excluded_lines": []}, "logout": {"executed_lines": [], "summary": {"covered_lines": 0, "num_statements": 6, "percent_covered": 0.0, "percent_covered_display": "0", "missing_lines": 6, "excluded_lines": 0, "percent_statements_covered": 0.0, "percent_statements_covered_display": "0"}, "missing_lines": [330, 331, 334, 338, 339, 340], "excluded_lines": []}, "get_me": {"executed_lines": [], "summary": {"covered_lines": 0, "num_statements": 10, "percent_covered": 0.0, "percent_covered_display": "0", "missing_lines": 10, "excluded_lines": 0, "percent_statements_covered": 0.0, "percent_statements_covered_display": "0"}, "missing_lines": [373, 374, 375, 376, 381, 383, 384, 385, 386, 387], "excluded_lines": []}, "update_me": {"executed_lines": [], "summary": {"covered_lines": 0, "num_statements": 11, "percent_covered": 0.0, "percent_covered_display": "0", "missing_lines": 11, "excluded_lines": 0, "percent_statements_covered": 0.0, "percent_statements_covered_display": "0"}, "missing_lines": [421, 422, 423, 424, 433, 434, 436, 437, 438, 439, 440], "excluded_lines": []}, "delete_account": {"executed_lines": [], "summary": {"covered_lines": 0, "num_statements": 15, "percent_covered": 0.0, "percent_covered_display": "0", "missing_lines": 15, "excluded_lines": 0, "percent_statements_covered": 0.0, "percent_statements_covered_display": "0"}, "missing_lines": [477, 478, 479, 480, 486, 487, 488, 491, 493, 494, 499, 500, 501, 502, 503], "excluded_lines": []}, "set_testing_mode": {"executed_lines": [], "summary": {"covered_lines": 0, "num_statements": 13, "percent_covered": 0.0, "percent_covered_display": "0", "missing_lines": 13, "excluded_lines": 0, "percent_statements_covered": 0.0, "percent_statements_covered_display": "0"}, "missing_lines": [542, 543, 544, 545, 550, 551, 553, 554, 559, 560, 561, 562, 563], "excluded_lines": []}, "_store_refresh_token": {"executed_lines": [595], "summary": {"covered_lines": 1, "num_statements": 1, "percent_covered": 100.0, "percent_covered_display": "100", "missing_lines": 0, "excluded_lines": 0, "percent_statements_covered": 100.0, "percent_statements_covered_display": "100"}, "missing_lines": [], "excluded_lines": []}, "": {"executed_lines": [1, 8, 9, 10, 11, 12, 14, 16, 17, 18, 26, 37, 38, 41, 44, 54, 66, 77, 154, 165, 226, 237, 301, 311, 346, 356, 393, 404, 446, 457, 509, 520, 574], "summary": {"covered_lines": 32, "num_statements": 32, "percent_covered": 100.0, "percent_covered_display": "100", "missing_lines": 0, "excluded_lines": 0, "percent_statements_covered": 100.0, "percent_statements_covered_display": "100"}, "missing_lines": [], "excluded_lines": []}}, "classes": {"": {"executed_lines": [1, 8, 9, 10, 11, 12, 14, 16, 17, 18, 26, 37, 38, 41, 44, 47, 48, 49, 50, 51, 54, 56, 66, 77, 94, 96, 103, 104, 105, 106, 112, 115, 126, 127, 130, 131, 134, 136, 144, 145, 154, 165, 181, 183, 184, 185, 186, 192, 193, 194, 199, 202, 203, 206, 208, 216, 217, 226, 237, 251, 253, 254, 255, 291, 292, 301, 311, 346, 356, 393, 404, 446, 457, 509, 520, 574, 595], "summary": {"covered_lines": 76, "num_statements": 152, "percent_covered": 50.0, "percent_covered_display": "50", "missing_lines": 76, "excluded_lines": 0, "percent_statements_covered": 50.0, "percent_statements_covered_display": "50"}, "missing_lines": [97, 146, 147, 148, 218, 219, 220, 260, 261, 262, 268, 269, 270, 275, 278, 279, 282, 284, 293, 294, 295, 330, 331, 334, 338, 339, 340, 373, 374, 375, 376, 381, 383, 384, 385, 386, 387, 421, 422, 423, 424, 433, 434, 436, 437, 438, 439, 440, 477, 478, 479, 480, 486, 487, 488, 491, 493, 494, 499, 500, 501, 502, 503, 542, 543, 544, 545, 550, 551, 553, 554, 559, 560, 561, 562, 563], "excluded_lines": []}}}, "src\\socrates_api\\routers\\code_generation.py": {"executed_lines": [1, 11, 12, 13, 14, 16, 18, 20, 22, 23, 25, 28, 42, 60, 66, 137, 143, 213, 219, 277, 283, 297, 303], "summary": {"covered_lines": 22, "num_statements": 89, "percent_covered": 24.719101123595507, "percent_covered_display": "25", "missing_lines": 67, "excluded_lines": 0, "percent_statements_covered": 24.719101123595507, "percent_statements_covered_display": "25"}, "missing_lines": [31, 32, 33, 34, 35, 90, 92, 93, 99, 100, 101, 106, 107, 115, 117, 127, 128, 129, 130, 131, 163, 165, 166, 172, 173, 174, 179, 180, 187, 189, 203, 204, 205, 206, 207, 239, 241, 242, 243, 248, 249, 256, 258, 267, 268, 269, 270, 271, 290, 327, 329, 330, 335, 336, 337, 343, 344, 345, 350, 351, 358, 360, 372, 373, 374, 375, 376], "excluded_lines": [], "functions": {"get_database": {"executed_lines": [], "summary": {"covered_lines": 0, "num_statements": 5, "percent_covered": 0.0, "percent_covered_display": "0", "missing_lines": 5, "excluded_lines": 0, "percent_statements_covered": 0.0, "percent_statements_covered_display": "0"}, "missing_lines": [31, 32, 33, 34, 35], "excluded_lines": []}, "generate_code": {"executed_lines": [], "summary": {"covered_lines": 0, "num_statements": 15, "percent_covered": 0.0, "percent_covered_display": "0", "missing_lines": 15, "excluded_lines": 0, "percent_statements_covered": 0.0, "percent_statements_covered_display": "0"}, "missing_lines": [90, 92, 93, 99, 100, 101, 106, 107, 115, 117, 127, 128, 129, 130, 131], "excluded_lines": []}, "validate_code": {"executed_lines": [], "summary": {"covered_lines": 0, "num_statements": 15, "percent_covered": 0.0, "percent_covered_display": "0", "missing_lines": 15, "excluded_lines": 0, "percent_statements_covered": 0.0, "percent_statements_covered_display": "0"}, "missing_lines": [163, 165, 166, 172, 173, 174, 179, 180, 187, 189, 203, 204, 205, 206, 207], "excluded_lines": []}, "get_code_history": {"executed_lines": [], "summary": {"covered_lines": 0, "num_statements": 13, "percent_covered": 0.0, "percent_covered_display": "0", "missing_lines": 13, "excluded_lines": 0, "percent_statements_covered": 0.0, "percent_statements_covered_display": "0"}, "missing_lines": [239, 241, 242, 243, 248, 249, 256, 258, 267, 268, 269, 270, 271], "excluded_lines": []}, "get_supported_languages": {"executed_lines": [], "summary": {"covered_lines": 0, "num_statements": 1, "percent_covered": 0.0, "percent_covered_display": "0", "missing_lines": 1, "excluded_lines": 0, "percent_statements_covered": 0.0, "percent_statements_covered_display": "0"}, "missing_lines": [290], "excluded_lines": []}, "refactor_code": {"executed_lines": [], "summary": {"covered_lines": 0, "num_statements": 18, "percent_covered": 0.0, "percent_covered_display": "0", "missing_lines": 18, "excluded_lines": 0, "percent_statements_covered": 0.0, "percent_statements_covered_display": "0"}, "missing_lines": [327, 329, 330, 335, 336, 337, 343, 344, 345, 350, 351, 358, 360, 372, 373, 374, 375, 376], "excluded_lines": []}, "": {"executed_lines": [1, 11, 12, 13, 14, 16, 18, 20, 22, 23, 25, 28, 42, 60, 66, 137, 143, 213, 219, 277, 283, 297, 303], "summary": {"covered_lines": 22, "num_statements": 22, "percent_covered": 100.0, "percent_covered_display": "100", "missing_lines": 0, "excluded_lines": 0, "percent_statements_covered": 100.0, "percent_statements_covered_display": "100"}, "missing_lines": [], "excluded_lines": []}}, "classes": {"": {"executed_lines": [1, 11, 12, 13, 14, 16, 18, 20, 22, 23, 25, 28, 42, 60, 66, 137, 143, 213, 219, 277, 283, 297, 303], "summary": {"covered_lines": 22, "num_statements": 89, "percent_covered": 24.719101123595507, "percent_covered_display": "25", "missing_lines": 67, "excluded_lines": 0, "percent_statements_covered": 24.719101123595507, "percent_statements_covered_display": "25"}, "missing_lines": [31, 32, 33, 34, 35, 90, 92, 93, 99, 100, 101, 106, 107, 115, 117, 127, 128, 129, 130, 131, 163, 165, 166, 172, 173, 174, 179, 180, 187, 189, 203, 204, 205, 206, 207, 239, 241, 242, 243, 248, 249, 256, 258, 267, 268, 269, 270, 271, 290, 327, 329, 330, 335, 336, 337, 343, 344, 345, 350, 351, 358, 360, 372, 373, 374, 375, 376], "excluded_lines": []}}}, "src\\socrates_api\\routers\\collaboration.py": {"executed_lines": [1, 11, 12, 13, 14, 16, 18, 20, 21, 26, 27, 29, 32, 47, 48, 49, 50, 51, 53, 54, 64, 70, 143, 149, 206, 212, 279, 285, 351, 357, 407, 413], "summary": {"covered_lines": 30, "num_statements": 114, "percent_covered": 26.31578947368421, "percent_covered_display": "26", "missing_lines": 84, "excluded_lines": 0, "percent_statements_covered": 26.31578947368421, "percent_statements_covered_display": "26"}, "missing_lines": [35, 36, 37, 38, 39, 56, 95, 97, 98, 104, 105, 106, 111, 112, 121, 123, 133, 134, 135, 136, 137, 165, 167, 168, 169, 174, 175, 182, 196, 197, 198, 199, 200, 234, 236, 237, 243, 244, 245, 250, 251, 258, 260, 269, 270, 271, 272, 273, 305, 307, 308, 309, 314, 315, 321, 322, 329, 331, 336, 337, 338, 339, 340, 373, 375, 376, 377, 384, 397, 398, 399, 400, 401, 435, 437, 438, 439, 446, 448, 453, 454, 455, 456, 457], "excluded_lines": [], "functions": {"get_database": {"executed_lines": [], "summary": {"covered_lines": 0, "num_statements": 5, "percent_covered": 0.0, "percent_covered_display": "0", "missing_lines": 5, "excluded_lines": 0, "percent_statements_covered": 0.0, "percent_statements_covered_display": "0"}, "missing_lines": [35, 36, 37, 38, 39], "excluded_lines": []}, "CollaboratorRole.is_valid": {"executed_lines": [], "summary": {"covered_lines": 0, "num_statements": 1, "percent_covered": 0.0, "percent_covered_display": "0", "missing_lines": 1, "excluded_lines": 0, "percent_statements_covered": 0.0, "percent_statements_covered_display": "0"}, "missing_lines": [56], "excluded_lines": []}, "add_collaborator": {"executed_lines": [], "summary": {"covered_lines": 0, "num_statements": 15, "percent_covered": 0.0, "percent_covered_display": "0", "missing_lines": 15, "excluded_lines": 0, "percent_statements_covered": 0.0, "percent_statements_covered_display": "0"}, "missing_lines": [95, 97, 98, 104, 105, 106, 111, 112, 121, 123, 133, 134, 135, 136, 137], "excluded_lines": []}, "list_collaborators": {"executed_lines": [], "summary": {"covered_lines": 0, "num_statements": 12, "percent_covered": 0.0, "percent_covered_display": "0", "missing_lines": 12, "excluded_lines": 0, "percent_statements_covered": 0.0, "percent_statements_covered_display": "0"}, "missing_lines": [165, 167, 168, 169, 174, 175, 182, 196, 197, 198, 199, 200], "excluded_lines": []}, "update_collaborator_role": {"executed_lines": [], "summary": {"covered_lines": 0, "num_statements": 15, "percent_covered": 0.0, "percent_covered_display": "0", "missing_lines": 15, "excluded_lines": 0, "percent_statements_covered": 0.0, "percent_statements_covered_display": "0"}, "missing_lines": [234, 236, 237, 243, 244, 245, 250, 251, 258, 260, 269, 270, 271, 272, 273], "excluded_lines": []}, "remove_collaborator": {"executed_lines": [], "summary": {"covered_lines": 0, "num_statements": 15, "percent_covered": 0.0, "percent_covered_display": "0", "missing_lines": 15, "excluded_lines": 0, "percent_statements_covered": 0.0, "percent_statements_covered_display": "0"}, "missing_lines": [305, 307, 308, 309, 314, 315, 321, 322, 329, 331, 336, 337, 338, 339, 340], "excluded_lines": []}, "get_presence": {"executed_lines": [], "summary": {"covered_lines": 0, "num_statements": 10, "percent_covered": 0.0, "percent_covered_display": "0", "missing_lines": 10, "excluded_lines": 0, "percent_statements_covered": 0.0, "percent_statements_covered_display": "0"}, "missing_lines": [373, 375, 376, 377, 384, 397, 398, 399, 400, 401], "excluded_lines": []}, "record_activity": {"executed_lines": [], "summary": {"covered_lines": 0, "num_statements": 11, "percent_covered": 0.0, "percent_covered_display": "0", "missing_lines": 11, "excluded_lines": 0, "percent_statements_covered": 0.0, "percent_statements_covered_display": "0"}, "missing_lines": [435, 437, 438, 439, 446, 448, 453, 454, 455, 456, 457], "excluded_lines": []}, "": {"executed_lines": [1, 11, 12, 13, 14, 16, 18, 20, 21, 26, 27, 29, 32, 47, 48, 49, 50, 51, 53, 54, 64, 70, 143, 149, 206, 212, 279, 285, 351, 357, 407, 413], "summary": {"covered_lines": 30, "num_statements": 30, "percent_covered": 100.0, "percent_covered_display": "100", "missing_lines": 0, "excluded_lines": 0, "percent_statements_covered": 100.0, "percent_statements_covered_display": "100"}, "missing_lines": [], "excluded_lines": []}}, "classes": {"CollaboratorRole": {"executed_lines": [], "summary": {"covered_lines": 0, "num_statements": 1, "percent_covered": 0.0, "percent_covered_display": "0", "missing_lines": 1, "excluded_lines": 0, "percent_statements_covered": 0.0, "percent_statements_covered_display": "0"}, "missing_lines": [56], "excluded_lines": []}, "": {"executed_lines": [1, 11, 12, 13, 14, 16, 18, 20, 21, 26, 27, 29, 32, 47, 48, 49, 50, 51, 53, 54, 64, 70, 143, 149, 206, 212, 279, 285, 351, 357, 407, 413], "summary": {"covered_lines": 30, "num_statements": 113, "percent_covered": 26.548672566371682, "percent_covered_display": "27", "missing_lines": 83, "excluded_lines": 0, "percent_statements_covered": 26.548672566371682, "percent_statements_covered_display": "27"}, "missing_lines": [35, 36, 37, 38, 39, 95, 97, 98, 104, 105, 106, 111, 112, 121, 123, 133, 134, 135, 136, 137, 165, 167, 168, 169, 174, 175, 182, 196, 197, 198, 199, 200, 234, 236, 237, 243, 244, 245, 250, 251, 258, 260, 269, 270, 271, 272, 273, 305, 307, 308, 309, 314, 315, 321, 322, 329, 331, 336, 337, 338, 339, 340, 373, 375, 376, 377, 384, 397, 398, 399, 400, 401, 435, 437, 438, 439, 446, 448, 453, 454, 455, 456, 457], "excluded_lines": []}}}, "src\\socrates_api\\routers\\github.py": {"executed_lines": [], "summary": {"covered_lines": 0, "num_statements": 143, "percent_covered": 0.0, "percent_covered_display": "0", "missing_lines": 143, "excluded_lines": 0, "percent_statements_covered": 0.0, "percent_statements_covered_display": "0"}, "missing_lines": [7, 8, 10, 12, 13, 14, 19, 20, 23, 26, 29, 30, 31, 32, 35, 37, 38, 39, 40, 41, 44, 56, 81, 82, 83, 89, 90, 95, 98, 109, 110, 111, 113, 125, 126, 127, 132, 133, 134, 135, 136, 142, 155, 176, 178, 179, 180, 186, 187, 193, 194, 199, 202, 203, 206, 207, 208, 213, 215, 217, 219, 221, 223, 225, 235, 236, 237, 243, 245, 246, 247, 248, 249, 255, 268, 291, 293, 294, 295, 301, 302, 308, 309, 315, 316, 318, 321, 322, 325, 326, 327, 332, 334, 336, 338, 339, 341, 351, 353, 354, 358, 359, 365, 367, 368, 369, 370, 371, 377, 390, 413, 415, 416, 417, 423, 424, 430, 431, 436, 439, 447, 455, 457, 467, 468, 469, 470, 471, 477, 488, 507, 509, 510, 511, 517, 518, 523, 525, 538, 539, 540, 541, 542], "excluded_lines": [], "functions": {"get_orchestrator": {"executed_lines": [], "summary": {"covered_lines": 0, "num_statements": 4, "percent_covered": 0.0, "percent_covered_display": "0", "missing_lines": 4, "excluded_lines": 0, "percent_statements_covered": 0.0, "percent_statements_covered_display": "0"}, "missing_lines": [29, 30, 31, 32], "excluded_lines": []}, "get_database": {"executed_lines": [], "summary": {"covered_lines": 0, "num_statements": 5, "percent_covered": 0.0, "percent_covered_display": "0", "missing_lines": 5, "excluded_lines": 0, "percent_statements_covered": 0.0, "percent_statements_covered_display": "0"}, "missing_lines": [37, 38, 39, 40, 41], "excluded_lines": []}, "import_repository": {"executed_lines": [], "summary": {"covered_lines": 0, "num_statements": 19, "percent_covered": 0.0, "percent_covered_display": "0", "missing_lines": 19, "excluded_lines": 0, "percent_statements_covered": 0.0, "percent_statements_covered_display": "0"}, "missing_lines": [81, 82, 83, 89, 90, 95, 98, 109, 110, 111, 113, 125, 126, 127, 132, 133, 134, 135, 136], "excluded_lines": []}, "pull_changes": {"executed_lines": [], "summary": {"covered_lines": 0, "num_statements": 30, "percent_covered": 0.0, "percent_covered_display": "0", "missing_lines": 30, "excluded_lines": 0, "percent_statements_covered": 0.0, "percent_statements_covered_display": "0"}, "missing_lines": [176, 178, 179, 180, 186, 187, 193, 194, 199, 202, 203, 206, 207, 208, 213, 215, 217, 219, 221, 223, 225, 235, 236, 237, 243, 245, 246, 247, 248, 249], "excluded_lines": []}, "push_changes": {"executed_lines": [], "summary": {"covered_lines": 0, "num_statements": 33, "percent_covered": 0.0, "percent_covered_display": "0", "missing_lines": 33, "excluded_lines": 0, "percent_statements_covered": 0.0, "percent_statements_covered_display": "0"}, "missing_lines": [291, 293, 294, 295, 301, 302, 308, 309, 315, 316, 318, 321, 322, 325, 326, 327, 332, 334, 336, 338, 339, 341, 351, 353, 354, 358, 359, 365, 367, 368, 369, 370, 371], "excluded_lines": []}, "sync_project": {"executed_lines": [], "summary": {"covered_lines": 0, "num_statements": 18, "percent_covered": 0.0, "percent_covered_display": "0", "missing_lines": 18, "excluded_lines": 0, "percent_statements_covered": 0.0, "percent_statements_covered_display": "0"}, "missing_lines": [413, 415, 416, 417, 423, 424, 430, 431, 436, 439, 447, 455, 457, 467, 468, 469, 470, 471], "excluded_lines": []}, "get_sync_status": {"executed_lines": [], "summary": {"covered_lines": 0, "num_statements": 13, "percent_covered": 0.0, "percent_covered_display": "0", "missing_lines": 13, "excluded_lines": 0, "percent_statements_covered": 0.0, "percent_statements_covered_display": "0"}, "missing_lines": [507, 509, 510, 511, 517, 518, 523, 525, 538, 539, 540, 541, 542], "excluded_lines": []}, "": {"executed_lines": [], "summary": {"covered_lines": 0, "num_statements": 21, "percent_covered": 0.0, "percent_covered_display": "0", "missing_lines": 21, "excluded_lines": 0, "percent_statements_covered": 0.0, "percent_statements_covered_display": "0"}, "missing_lines": [7, 8, 10, 12, 13, 14, 19, 20, 23, 26, 35, 44, 56, 142, 155, 255, 268, 377, 390, 477, 488], "excluded_lines": []}}, "classes": {"": {"executed_lines": [], "summary": {"covered_lines": 0, "num_statements": 143, "percent_covered": 0.0, "percent_covered_display": "0", "missing_lines": 143, "excluded_lines": 0, "percent_statements_covered": 0.0, "percent_statements_covered_display": "0"}, "missing_lines": [7, 8, 10, 12, 13, 14, 19, 20, 23, 26, 29, 30, 31, 32, 35, 37, 38, 39, 40, 41, 44, 56, 81, 82, 83, 89, 90, 95, 98, 109, 110, 111, 113, 125, 126, 127, 132, 133, 134, 135, 136, 142, 155, 176, 178, 179, 180, 186, 187, 193, 194, 199, 202, 203, 206, 207, 208, 213, 215, 217, 219, 221, 223, 225, 235, 236, 237, 243, 245, 246, 247, 248, 249, 255, 268, 291, 293, 294, 295, 301, 302, 308, 309, 315, 316, 318, 321, 322, 325, 326, 327, 332, 334, 336, 338, 339, 341, 351, 353, 354, 358, 359, 365, 367, 368, 369, 370, 371, 377, 390, 413, 415, 416, 417, 423, 424, 430, 431, 436, 439, 447, 455, 457, 467, 468, 469, 470, 471, 477, 488, 507, 509, 510, 511, 517, 518, 523, 525, 538, 539, 540, 541, 542], "excluded_lines": []}}}, "src\\socrates_api\\routers\\knowledge.py": {"executed_lines": [1, 7, 8, 9, 10, 12, 14, 15, 17, 18, 21, 23, 24, 25, 28, 38, 52, 55, 57, 71, 82, 130, 141, 188, 199, 250, 260, 307, 317, 331, 332, 336, 352, 362, 404, 414], "summary": {"covered_lines": 35, "num_statements": 101, "percent_covered": 34.65346534653465, "percent_covered_display": "35", "missing_lines": 66, "excluded_lines": 0, "percent_statements_covered": 34.65346534653465, "percent_statements_covered_display": "35"}, "missing_lines": [63, 64, 65, 98, 99, 100, 105, 109, 120, 121, 122, 123, 124, 157, 158, 159, 164, 168, 178, 179, 180, 181, 182, 217, 218, 219, 224, 228, 229, 240, 241, 242, 243, 244, 278, 279, 280, 285, 289, 291, 297, 298, 299, 300, 301, 342, 343, 344, 345, 346, 380, 381, 385, 394, 395, 396, 397, 398, 428, 429, 433, 443, 444, 445, 446, 447], "excluded_lines": [], "functions": {"get_database": {"executed_lines": [23, 24, 25], "summary": {"covered_lines": 3, "num_statements": 3, "percent_covered": 100.0, "percent_covered_display": "100", "missing_lines": 0, "excluded_lines": 0, "percent_statements_covered": 100.0, "percent_statements_covered_display": "100"}, "missing_lines": [], "excluded_lines": []}, "list_documents": {"executed_lines": [52, 55, 57], "summary": {"covered_lines": 3, "num_statements": 6, "percent_covered": 50.0, "percent_covered_display": "50", "missing_lines": 3, "excluded_lines": 0, "percent_statements_covered": 50.0, "percent_statements_covered_display": "50"}, "missing_lines": [63, 64, 65], "excluded_lines": []}, "import_file": {"executed_lines": [], "summary": {"covered_lines": 0, "num_statements": 10, "percent_covered": 0.0, "percent_covered_display": "0", "missing_lines": 10, "excluded_lines": 0, "percent_statements_covered": 0.0, "percent_statements_covered_display": "0"}, "missing_lines": [98, 99, 100, 105, 109, 120, 121, 122, 123, 124], "excluded_lines": []}, "import_url": {"executed_lines": [], "summary": {"covered_lines": 0, "num_statements": 10, "percent_covered": 0.0, "percent_covered_display": "0", "missing_lines": 10, "excluded_lines": 0, "percent_statements_covered": 0.0, "percent_statements_covered_display": "0"}, "missing_lines": [157, 158, 159, 164, 168, 178, 179, 180, 181, 182], "excluded_lines": []}, "import_text": {"executed_lines": [], "summary": {"covered_lines": 0, "num_statements": 11, "percent_covered": 0.0, "percent_covered_display": "0", "missing_lines": 11, "excluded_lines": 0, "percent_statements_covered": 0.0, "percent_statements_covered_display": "0"}, "missing_lines": [217, 218, 219, 224, 228, 229, 240, 241, 242, 243, 244], "excluded_lines": []}, "search_knowledge": {"executed_lines": [], "summary": {"covered_lines": 0, "num_statements": 11, "percent_covered": 0.0, "percent_covered_display": "0", "missing_lines": 11, "excluded_lines": 0, "percent_statements_covered": 0.0, "percent_statements_covered_display": "0"}, "missing_lines": [278, 279, 280, 285, 289, 291, 297, 298, 299, 300, 301], "excluded_lines": []}, "delete_document": {"executed_lines": [331, 332, 336], "summary": {"covered_lines": 3, "num_statements": 8, "percent_covered": 37.5, "percent_covered_display": "38", "missing_lines": 5, "excluded_lines": 0, "percent_statements_covered": 37.5, "percent_statements_covered_display": "38"}, "missing_lines": [342, 343, 344, 345, 346], "excluded_lines": []}, "add_knowledge_entry": {"executed_lines": [], "summary": {"covered_lines": 0, "num_statements": 8, "percent_covered": 0.0, "percent_covered_display": "0", "missing_lines": 8, "excluded_lines": 0, "percent_statements_covered": 0.0, "percent_statements_covered_display": "0"}, "missing_lines": [380, 381, 385, 394, 395, 396, 397, 398], "excluded_lines": []}, "export_knowledge": {"executed_lines": [], "summary": {"covered_lines": 0, "num_statements": 8, "percent_covered": 0.0, "percent_covered_display": "0", "missing_lines": 8, "excluded_lines": 0, "percent_statements_covered": 0.0, "percent_statements_covered_display": "0"}, "missing_lines": [428, 429, 433, 443, 444, 445, 446, 447], "excluded_lines": []}, "": {"executed_lines": [1, 7, 8, 9, 10, 12, 14, 15, 17, 18, 21, 28, 38, 71, 82, 130, 141, 188, 199, 250, 260, 307, 317, 352, 362, 404, 414], "summary": {"covered_lines": 26, "num_statements": 26, "percent_covered": 100.0, "percent_covered_display": "100", "missing_lines": 0, "excluded_lines": 0, "percent_statements_covered": 100.0, "percent_statements_covered_display": "100"}, "missing_lines": [], "excluded_lines": []}}, "classes": {"": {"executed_lines": [1, 7, 8, 9, 10, 12, 14, 15, 17, 18, 21, 23, 24, 25, 28, 38, 52, 55, 57, 71, 82, 130, 141, 188, 199, 250, 260, 307, 317, 331, 332, 336, 352, 362, 404, 414], "summary": {"covered_lines": 35, "num_statements": 101, "percent_covered": 34.65346534653465, "percent_covered_display": "35", "missing_lines": 66, "excluded_lines": 0, "percent_statements_covered": 34.65346534653465, "percent_statements_covered_di
[...]
, 176, 177, 179, 182, 183, 186, 187, 190, 191, 192, 193, 194, 195, 197, 198, 199, 202, 203, 204, 205, 206, 208, 225, 226, 228, 229, 230, 233, 234, 235, 238, 239, 240, 241, 242, 243, 245, 260, 261, 263, 264, 265, 266, 267, 270, 271, 272, 273, 274, 275, 277, 289, 290, 291, 292, 309, 310, 311, 312, 313, 314, 326, 327, 328, 329, 331, 332, 333, 334, 337, 343, 345, 350, 365, 366, 367, 368, 370, 371, 372, 373, 375, 380, 398, 400, 401, 402, 405, 406, 407, 408, 409, 410, 411, 414, 419, 420, 423, 425, 427, 442, 443, 444], "excluded_lines": [], "functions": {"ConnectionManager.__init__": {"executed_lines": [], "summary": {"covered_lines": 0, "num_statements": 6, "percent_covered": 0.0, "percent_covered_display": "0", "missing_lines": 6, "excluded_lines": 0, "percent_statements_covered": 0.0, "percent_statements_covered_display": "0"}, "missing_lines": [47, 50, 53, 56, 57, 59], "excluded_lines": []}, "ConnectionManager.connect": {"executed_lines": [], "summary": {"covered_lines": 0, "num_statements": 13, "percent_covered": 0.0, "percent_covered_display": "0", "missing_lines": 13, "excluded_lines": 0, "percent_statements_covered": 0.0, "percent_statements_covered_display": "0"}, "missing_lines": [80, 82, 84, 85, 88, 89, 92, 93, 94, 98, 101, 104, 111], "excluded_lines": []}, "ConnectionManager.disconnect": {"executed_lines": [], "summary": {"covered_lines": 0, "num_statements": 12, "percent_covered": 0.0, "percent_covered_display": "0", "missing_lines": 12, "excluded_lines": 0, "percent_statements_covered": 0.0, "percent_statements_covered_display": "0"}, "missing_lines": [126, 127, 128, 130, 131, 132, 135, 136, 138, 142, 145, 147], "excluded_lines": []}, "ConnectionManager.broadcast_to_project": {"executed_lines": [], "summary": {"covered_lines": 0, "num_statements": 28, "percent_covered": 0.0, "percent_covered_display": "0", "missing_lines": 28, "excluded_lines": 0, "percent_statements_covered": 0.0, "percent_statements_covered_display": "0"}, "missing_lines": [168, 169, 170, 172, 173, 174, 176, 177, 179, 182, 183, 186, 187, 190, 191, 192, 193, 194, 195, 197, 198, 199, 202, 203, 204, 205, 206, 208], "excluded_lines": []}, "ConnectionManager.broadcast_to_user": {"executed_lines": [], "summary": {"covered_lines": 0, "num_statements": 15, "percent_covered": 0.0, "percent_covered_display": "0", "missing_lines": 15, "excluded_lines": 0, "percent_statements_covered": 0.0, "percent_statements_covered_display": "0"}, "missing_lines": [225, 226, 228, 229, 230, 233, 234, 235, 238, 239, 240, 241, 242, 243, 245], "excluded_lines": []}, "ConnectionManager.broadcast_to_all": {"executed_lines": [], "summary": {"covered_lines": 0, "num_statements": 14, "percent_covered": 0.0, "percent_covered_display": "0", "missing_lines": 14, "excluded_lines": 0, "percent_statements_covered": 0.0, "percent_statements_covered_display": "0"}, "missing_lines": [260, 261, 263, 264, 265, 266, 267, 270, 271, 272, 273, 274, 275, 277], "excluded_lines": []}, "ConnectionManager.get_connection_metadata": {"executed_lines": [], "summary": {"covered_lines": 0, "num_statements": 4, "percent_covered": 0.0, "percent_covered_display": "0", "missing_lines": 4, "excluded_lines": 0, "percent_statements_covered": 0.0, "percent_statements_covered_display": "0"}, "missing_lines": [289, 290, 291, 292], "excluded_lines": []}, "ConnectionManager.get_project_connections": {"executed_lines": [], "summary": {"covered_lines": 0, "num_statements": 6, "percent_covered": 0.0, "percent_covered_display": "0", "missing_lines": 6, "excluded_lines": 0, "percent_statements_covered": 0.0, "percent_statements_covered_display": "0"}, "missing_lines": [309, 310, 311, 312, 313, 314], "excluded_lines": []}, "ConnectionManager.get_user_statistics": {"executed_lines": [], "summary": {"covered_lines": 0, "num_statements": 12, "percent_covered": 0.0, "percent_covered_display": "0", "missing_lines": 12, "excluded_lines": 0, "percent_statements_covered": 0.0, "percent_statements_covered_display": "0"}, "missing_lines": [326, 327, 328, 329, 331, 332, 333, 334, 337, 343, 345, 350], "excluded_lines": []}, "ConnectionManager.get_global_statistics": {"executed_lines": [], "summary": {"covered_lines": 0, "num_statements": 10, "percent_covered": 0.0, "percent_covered_display": "0", "missing_lines": 10, "excluded_lines": 0, "percent_statements_covered": 0.0, "percent_statements_covered_display": "0"}, "missing_lines": [365, 366, 367, 368, 370, 371, 372, 373, 375, 380], "excluded_lines": []}, "ConnectionManager.cleanup_user_connections": {"executed_lines": [], "summary": {"covered_lines": 0, "num_statements": 17, "percent_covered": 0.0, "percent_covered_display": "0", "missing_lines": 17, "excluded_lines": 0, "percent_statements_covered": 0.0, "percent_statements_covered_display": "0"}, "missing_lines": [398, 400, 401, 402, 405, 406, 407, 408, 409, 410, 411, 414, 419, 420, 423, 425, 427], "excluded_lines": []}, "get_connection_manager": {"executed_lines": [], "summary": {"covered_lines": 0, "num_statements": 3, "percent_covered": 0.0, "percent_covered_display": "0", "missing_lines": 3, "excluded_lines": 0, "percent_statements_covered": 0.0, "percent_statements_covered_display": "0"}, "missing_lines": [442, 443, 444], "excluded_lines": []}, "": {"executed_lines": [1, 11, 12, 13, 14, 15, 16, 18, 20, 23, 24, 25, 26, 27, 28, 29, 30, 31, 34, 35, 44, 61, 116, 149, 210, 247, 279, 294, 316, 358, 388, 431, 434], "summary": {"covered_lines": 30, "num_statements": 30, "percent_covered": 100.0, "percent_covered_display": "100", "missing_lines": 0, "excluded_lines": 0, "percent_statements_covered": 100.0, "percent_statements_covered_display": "100"}, "missing_lines": [], "excluded_lines": []}}, "classes": {"ConnectionMetadata": {"executed_lines": [], "summary": {"covered_lines": 0, "num_statements": 0, "percent_covered": 100.0, "percent_covered_display": "100", "missing_lines": 0, "excluded_lines": 0, "percent_statements_covered": 100.0, "percent_statements_covered_display": "100"}, "missing_lines": [], "excluded_lines": []}, "ConnectionManager": {"executed_lines": [], "summary": {"covered_lines": 0, "num_statements": 137, "percent_covered": 0.0, "percent_covered_display": "0", "missing_lines": 137, "excluded_lines": 0, "percent_statements_covered": 0.0, "percent_statements_covered_display": "0"}, "missing_lines": [47, 50, 53, 56, 57, 59, 80, 82, 84, 85, 88, 89, 92, 93, 94, 98, 101, 104, 111, 126, 127, 128, 130, 131, 132, 135, 136, 138, 142, 145, 147, 168, 169, 170, 172, 173, 174, 176, 177, 179, 182, 183, 186, 187, 190, 191, 192, 193, 194, 195, 197, 198, 199, 202, 203, 204, 205, 206, 208, 225, 226, 228, 229, 230, 233, 234, 235, 238, 239, 240, 241, 242, 243, 245, 260, 261, 263, 264, 265, 266, 267, 270, 271, 272, 273, 274, 275, 277, 289, 290, 291, 292, 309, 310, 311, 312, 313, 314, 326, 327, 328, 329, 331, 332, 333, 334, 337, 343, 345, 350, 365, 366, 367, 368, 370, 371, 372, 373, 375, 380, 398, 400, 401, 402, 405, 406, 407, 408, 409, 410, 411, 414, 419, 420, 423, 425, 427], "excluded_lines": []}, "": {"executed_lines": [1, 11, 12, 13, 14, 15, 16, 18, 20, 23, 24, 25, 26, 27, 28, 29, 30, 31, 34, 35, 44, 61, 116, 149, 210, 247, 279, 294, 316, 358, 388, 431, 434], "summary": {"covered_lines": 30, "num_statements": 33, "percent_covered": 90.9090909090909, "percent_covered_display": "91", "missing_lines": 3, "excluded_lines": 0, "percent_statements_covered": 90.9090909090909, "percent_statements_covered_display": "91"}, "missing_lines": [442, 443, 444], "excluded_lines": []}}}, "src\\socrates_api\\websocket\\event_bridge.py": {"executed_lines": [1, 10, 11, 12, 14, 16, 17, 19, 22, 23, 33, 52, 59, 84, 151, 191, 235, 262, 265], "summary": {"covered_lines": 17, "num_statements": 70, "percent_covered": 24.285714285714285, "percent_covered_display": "24", "missing_lines": 53, "excluded_lines": 0, "percent_statements_covered": 24.285714285714285, "percent_statements_covered_display": "24"}, "missing_lines": [54, 55, 56, 57, 66, 67, 68, 70, 72, 73, 74, 75, 77, 78, 80, 81, 82, 95, 97, 99, 100, 103, 104, 105, 108, 109, 110, 111, 114, 121, 129, 130, 135, 141, 142, 146, 147, 149, 170, 176, 182, 183, 185, 212, 219, 226, 227, 229, 250, 255, 273, 274, 275], "excluded_lines": [], "functions": {"EventBridge.__init__": {"executed_lines": [], "summary": {"covered_lines": 0, "num_statements": 4, "percent_covered": 0.0, "percent_covered_display": "0", "missing_lines": 4, "excluded_lines": 0, "percent_statements_covered": 0.0, "percent_statements_covered_display": "0"}, "missing_lines": [54, 55, 56, 57], "excluded_lines": []}, "EventBridge.setup_event_listeners": {"executed_lines": [], "summary": {"covered_lines": 0, "num_statements": 13, "percent_covered": 0.0, "percent_covered_display": "0", "missing_lines": 13, "excluded_lines": 0, "percent_statements_covered": 0.0, "percent_statements_covered_display": "0"}, "missing_lines": [66, 67, 68, 70, 72, 73, 74, 75, 77, 78, 80, 81, 82], "excluded_lines": []}, "EventBridge._create_event_handler": {"executed_lines": [], "summary": {"covered_lines": 0, "num_statements": 2, "percent_covered": 0.0, "percent_covered_display": "0", "missing_lines": 2, "excluded_lines": 0, "percent_statements_covered": 0.0, "percent_statements_covered_display": "0"}, "missing_lines": [95, 149], "excluded_lines": []}, "EventBridge._create_event_handler.handler": {"executed_lines": [], "summary": {"covered_lines": 0, "num_statements": 19, "percent_covered": 0.0, "percent_covered_display": "0", "missing_lines": 19, "excluded_lines": 0, "percent_statements_covered": 0.0, "percent_statements_covered_display": "0"}, "missing_lines": [97, 99, 100, 103, 104, 105, 108, 109, 110, 111, 114, 121, 129, 130, 135, 141, 142, 146, 147], "excluded_lines": []}, "EventBridge.broadcast_message": {"executed_lines": [], "summary": {"covered_lines": 0, "num_statements": 5, "percent_covered": 0.0, "percent_covered_display": "0", "missing_lines": 5, "excluded_lines": 0, "percent_statements_covered": 0.0, "percent_statements_covered_display": "0"}, "missing_lines": [170, 176, 182, 183, 185], "excluded_lines": []}, "EventBridge.notify_error": {"executed_lines": [], "summary": {"covered_lines": 0, "num_statements": 5, "percent_covered": 0.0, "percent_covered_display": "0", "missing_lines": 5, "excluded_lines": 0, "percent_statements_covered": 0.0, "percent_statements_covered_display": "0"}, "missing_lines": [212, 219, 226, 227, 229], "excluded_lines": []}, "EventBridge.notify_user": {"executed_lines": [], "summary": {"covered_lines": 0, "num_statements": 2, "percent_covered": 0.0, "percent_covered_display": "0", "missing_lines": 2, "excluded_lines": 0, "percent_statements_covered": 0.0, "percent_statements_covered_display": "0"}, "missing_lines": [250, 255], "excluded_lines": []}, "get_event_bridge": {"executed_lines": [], "summary": {"covered_lines": 0, "num_statements": 3, "percent_covered": 0.0, "percent_covered_display": "0", "missing_lines": 3, "excluded_lines": 0, "percent_statements_covered": 0.0, "percent_statements_covered_display": "0"}, "missing_lines": [273, 274, 275], "excluded_lines": []}, "": {"executed_lines": [1, 10, 11, 12, 14, 16, 17, 19, 22, 23, 33, 52, 59, 84, 151, 191, 235, 262, 265], "summary": {"covered_lines": 17, "num_statements": 17, "percent_covered": 100.0, "percent_covered_display": "100", "missing_lines": 0, "excluded_lines": 0, "percent_statements_covered": 100.0, "percent_statements_covered_display": "100"}, "missing_lines": [], "excluded_lines": []}}, "classes": {"EventBridge": {"executed_lines": [], "summary": {"covered_lines": 0, "num_statements": 50, "percent_covered": 0.0, "percent_covered_display": "0", "missing_lines": 50, "excluded_lines": 0, "percent_statements_covered": 0.0, "percent_statements_covered_display": "0"}, "missing_lines": [54, 55, 56, 57, 66, 67, 68, 70, 72, 73, 74, 75, 77, 78, 80, 81, 82, 95, 97, 99, 100, 103, 104, 105, 108, 109, 110, 111, 114, 121, 129, 130, 135, 141, 142, 146, 147, 149, 170, 176, 182, 183, 185, 212, 219, 226, 227, 229, 250, 255], "excluded_lines": []}, "": {"executed_lines": [1, 10, 11, 12, 14, 16, 17, 19, 22, 23, 33, 52, 59, 84, 151, 191, 235, 262, 265], "summary": {"covered_lines": 17, "num_statements": 20, "percent_covered": 85.0, "percent_covered_display": "85", "missing_lines": 3, "excluded_lines": 0, "percent_statements_covered": 85.0, "percent_statements_covered_display": "85"}, "missing_lines": [273, 274, 275], "excluded_lines": []}}}, "src\\socrates_api\\websocket\\message_handler.py": {"executed_lines": [1, 11, 12, 13, 14, 15, 17, 19, 22, 23, 24, 25, 26, 27, 28, 31, 32, 33, 34, 35, 36, 39, 40, 41, 42, 43, 44, 45, 48, 49, 50, 51, 52, 53, 54, 55, 56, 57, 59, 87, 88, 97, 102, 117, 155, 198, 199, 222, 223, 246, 247, 270, 271, 288, 291], "summary": {"covered_lines": 49, "num_statements": 99, "percent_covered": 49.494949494949495, "percent_covered_display": "49", "missing_lines": 50, "excluded_lines": 0, "percent_statements_covered": 49.494949494949495, "percent_statements_covered_display": "49"}, "missing_lines": [61, 66, 67, 69, 70, 72, 73, 75, 76, 78, 79, 81, 82, 84, 99, 100, 114, 115, 130, 131, 132, 133, 134, 137, 138, 140, 141, 143, 144, 145, 146, 148, 170, 173, 175, 176, 177, 184, 186, 187, 189, 190, 191, 215, 239, 263, 281, 299, 300, 301], "excluded_lines": [], "functions": {"WebSocketResponse.to_json": {"executed_lines": [], "summary": {"covered_lines": 0, "num_statements": 14, "percent_covered": 0.0, "percent_covered_display": "0", "missing_lines": 14, "excluded_lines": 0, "percent_statements_covered": 0.0, "percent_statements_covered_display": "0"}, "missing_lines": [61, 66, 67, 69, 70, 72, 73, 75, 76, 78, 79, 81, 82, 84], "excluded_lines": []}, "MessageHandler.__init__": {"executed_lines": [], "summary": {"covered_lines": 0, "num_statements": 2, "percent_covered": 0.0, "percent_covered_display": "0", "missing_lines": 2, "excluded_lines": 0, "percent_statements_covered": 0.0, "percent_statements_covered_display": "0"}, "missing_lines": [99, 100], "excluded_lines": []}, "MessageHandler.register_handler": {"executed_lines": [], "summary": {"covered_lines": 0, "num_statements": 2, "percent_covered": 0.0, "percent_covered_display": "0", "missing_lines": 2, "excluded_lines": 0, "percent_statements_covered": 0.0, "percent_statements_covered_display": "0"}, "missing_lines": [114, 115], "excluded_lines": []}, "MessageHandler.parse_message": {"executed_lines": [], "summary": {"covered_lines": 0, "num_statements": 14, "percent_covered": 0.0, "percent_covered_display": "0", "missing_lines": 14, "excluded_lines": 0, "percent_statements_covered": 0.0, "percent_statements_covered_display": "0"}, "missing_lines": [130, 131, 132, 133, 134, 137, 138, 140, 141, 143, 144, 145, 146, 148], "excluded_lines": []}, "MessageHandler.handle_message": {"executed_lines": [], "summary": {"covered_lines": 0, "num_statements": 11, "percent_covered": 0.0, "percent_covered_display": "0", "missing_lines": 11, "excluded_lines": 0, "percent_statements_covered": 0.0, "percent_statements_covered_display": "0"}, "missing_lines": [170, 173, 175, 176, 177, 184, 186, 187, 189, 190, 191], "excluded_lines": []}, "MessageHandler.create_event_response": {"executed_lines": [], "summary": {"covered_lines": 0, "num_statements": 1, "percent_covered": 0.0, "percent_covered_display": "0", "missing_lines": 1, "excluded_lines": 0, "percent_statements_covered": 0.0, "percent_statements_covered_display": "0"}, "missing_lines": [215], "excluded_lines": []}, "MessageHandler.create_assistant_response": {"executed_lines": [], "summary": {"covered_lines": 0, "num_statements": 1, "percent_covered": 0.0, "percent_covered_display": "0", "missing_lines": 1, "excluded_lines": 0, "percent_statements_covered": 0.0, "percent_statements_covered_display": "0"}, "missing_lines": [239], "excluded_lines": []}, "MessageHandler.create_error_response": {"executed_lines": [], "summary": {"covered_lines": 0, "num_statements": 1, "percent_covered": 0.0, "percent_covered_display": "0", "missing_lines": 1, "excluded_lines": 0, "percent_statements_covered": 0.0, "percent_statements_covered_display": "0"}, "missing_lines": [263], "excluded_lines": []}, "MessageHandler.create_acknowledgment": {"executed_lines": [], "summary": {"covered_lines": 0, "num_statements": 1, "percent_covered": 0.0, "percent_covered_display": "0", "missing_lines": 1, "excluded_lines": 0, "percent_statements_covered": 0.0, "percent_statements_covered_display": "0"}, "missing_lines": [281], "excluded_lines": []}, "get_message_handler": {"executed_lines": [], "summary": {"covered_lines": 0, "num_statements": 3, "percent_covered": 0.0, "percent_covered_display": "0", "missing_lines": 3, "excluded_lines": 0, "percent_statements_covered": 0.0, "percent_statements_covered_display": "0"}, "missing_lines": [299, 300, 301], "excluded_lines": []}, "": {"executed_lines": [1, 11, 12, 13, 14, 15, 17, 19, 22, 23, 24, 25, 26, 27, 28, 31, 32, 33, 34, 35, 36, 39, 40, 41, 42, 43, 44, 45, 48, 49, 50, 51, 52, 53, 54, 55, 56, 57, 59, 87, 88, 97, 102, 117, 155, 198, 199, 222, 223, 246, 247, 270, 271, 288, 291], "summary": {"covered_lines": 49, "num_statements": 49, "percent_covered": 100.0, "percent_covered_display": "100", "missing_lines": 0, "excluded_lines": 0, "percent_statements_covered": 100.0, "percent_statements_covered_display": "100"}, "missing_lines": [], "excluded_lines": []}}, "classes": {"MessageType": {"executed_lines": [], "summary": {"covered_lines": 0, "num_statements": 0, "percent_covered": 100.0, "percent_covered_display": "100", "missing_lines": 0, "excluded_lines": 0, "percent_statements_covered": 100.0, "percent_statements_covered_display": "100"}, "missing_lines": [], "excluded_lines": []}, "ResponseType": {"executed_lines": [], "summary": {"covered_lines": 0, "num_statements": 0, "percent_covered": 100.0, "percent_covered_display": "100", "missing_lines": 0, "excluded_lines": 0, "percent_statements_covered": 100.0, "percent_statements_covered_display": "100"}, "missing_lines": [], "excluded_lines": []}, "WebSocketMessage": {"executed_lines": [], "summary": {"covered_lines": 0, "num_statements": 0, "percent_covered": 100.0, "percent_covered_display": "100", "missing_lines": 0, "excluded_lines": 0, "percent_statements_covered": 100.0, "percent_statements_covered_display": "100"}, "missing_lines": [], "excluded_lines": []}, "WebSocketResponse": {"executed_lines": [], "summary": {"covered_lines": 0, "num_statements": 14, "percent_covered": 0.0, "percent_covered_display": "0", "missing_lines": 14, "excluded_lines": 0, "percent_statements_covered": 0.0, "percent_statements_covered_display": "0"}, "missing_lines": [61, 66, 67, 69, 70, 72, 73, 75, 76, 78, 79, 81, 82, 84], "excluded_lines": []}, "MessageHandler": {"executed_lines": [], "summary": {"covered_lines": 0, "num_statements": 33, "percent_covered": 0.0, "percent_covered_display": "0", "missing_lines": 33, "excluded_lines": 0, "percent_statements_covered": 0.0, "percent_statements_covered_display": "0"}, "missing_lines": [99, 100, 114, 115, 130, 131, 132, 133, 134, 137, 138, 140, 141, 143, 144, 145, 146, 148, 170, 173, 175, 176, 177, 184, 186, 187, 189, 190, 191, 215, 239, 263, 281], "excluded_lines": []}, "": {"executed_lines": [1, 11, 12, 13, 14, 15, 17, 19, 22, 23, 24, 25, 26, 27, 28, 31, 32, 33, 34, 35, 36, 39, 40, 41, 42, 43, 44, 45, 48, 49, 50, 51, 52, 53, 54, 55, 56, 57, 59, 87, 88, 97, 102, 117, 155, 198, 199, 222, 223, 246, 247, 270, 271, 288, 291], "summary": {"covered_lines": 49, "num_statements": 52, "percent_covered": 94.23076923076923, "percent_covered_display": "94", "missing_lines": 3, "excluded_lines": 0, "percent_statements_covered": 94.23076923076923, "percent_statements_covered_display": "94"}, "missing_lines": [299, 300, 301], "excluded_lines": []}}}}, "totals": {"covered_lines": 741, "num_statements": 2076, "percent_covered": 35.69364161849711, "percent_covered_display": "36", "missing_lines": 1335, "excluded_lines": 2, "percent_statements_covered": 35.69364161849711, "percent_statements_covered_display": "36"}}